mode: atomic
github.com/dbos-inc/dbos-transact-golang/dbos/admin_server.go:52.81,54.32 2 9
github.com/dbos-inc/dbos-transact-golang/dbos/admin_server.go:54.32,56.3 1 2
github.com/dbos-inc/dbos-transact-golang/dbos/admin_server.go:57.2,57.34 1 9
github.com/dbos-inc/dbos-transact-golang/dbos/admin_server.go:57.34,59.3 1 1
github.com/dbos-inc/dbos-transact-golang/dbos/admin_server.go:60.2,60.26 1 9
github.com/dbos-inc/dbos-transact-golang/dbos/admin_server.go:60.26,62.3 1 3
github.com/dbos-inc/dbos-transact-golang/dbos/admin_server.go:63.2,63.24 1 9
github.com/dbos-inc/dbos-transact-golang/dbos/admin_server.go:63.24,65.3 1 2
github.com/dbos-inc/dbos-transact-golang/dbos/admin_server.go:66.2,66.25 1 9
github.com/dbos-inc/dbos-transact-golang/dbos/admin_server.go:66.25,70.3 3 2
github.com/dbos-inc/dbos-transact-golang/dbos/admin_server.go:71.2,71.35 1 9
github.com/dbos-inc/dbos-transact-golang/dbos/admin_server.go:71.35,73.3 1 1
github.com/dbos-inc/dbos-transact-golang/dbos/admin_server.go:74.2,74.29 1 9
github.com/dbos-inc/dbos-transact-golang/dbos/admin_server.go:74.29,76.3 1 1
github.com/dbos-inc/dbos-transact-golang/dbos/admin_server.go:77.2,77.22 1 9
github.com/dbos-inc/dbos-transact-golang/dbos/admin_server.go:77.22,79.3 1 5
github.com/dbos-inc/dbos-transact-golang/dbos/admin_server.go:80.2,80.23 1 9
github.com/dbos-inc/dbos-transact-golang/dbos/admin_server.go:80.23,82.3 1 1
github.com/dbos-inc/dbos-transact-golang/dbos/admin_server.go:83.2,83.25 1 9
github.com/dbos-inc/dbos-transact-golang/dbos/admin_server.go:83.25,85.3 1 1
github.com/dbos-inc/dbos-transact-golang/dbos/admin_server.go:86.2,86.33 1 9
github.com/dbos-inc/dbos-transact-golang/dbos/admin_server.go:86.33,88.3 1 1
github.com/dbos-inc/dbos-transact-golang/dbos/admin_server.go:89.2,89.26 1 9
github.com/dbos-inc/dbos-transact-golang/dbos/admin_server.go:89.26,91.3 1 2
github.com/dbos-inc/dbos-transact-golang/dbos/admin_server.go:92.2,92.27 1 9
github.com/dbos-inc/dbos-transact-golang/dbos/admin_server.go:92.27,94.3 1 2
github.com/dbos-inc/dbos-transact-golang/dbos/admin_server.go:95.2,95.26 1 9
github.com/dbos-inc/dbos-transact-golang/dbos/admin_server.go:95.26,97.3 1 2
github.com/dbos-inc/dbos-transact-golang/dbos/admin_server.go:98.2,98.13 1 9
github.com/dbos-inc/dbos-transact-golang/dbos/admin_server.go:111.72,132.28 2 18
github.com/dbos-inc/dbos-transact-golang/dbos/admin_server.go:132.28,134.3 1 18
github.com/dbos-inc/dbos-transact-golang/dbos/admin_server.go:134.8,136.3 1 0
github.com/dbos-inc/dbos-transact-golang/dbos/admin_server.go:138.2,138.28 1 18
github.com/dbos-inc/dbos-transact-golang/dbos/admin_server.go:138.28,140.3 1 18
github.com/dbos-inc/dbos-transact-golang/dbos/admin_server.go:140.8,142.3 1 0
github.com/dbos-inc/dbos-transact-golang/dbos/admin_server.go:144.2,144.27 1 18
github.com/dbos-inc/dbos-transact-golang/dbos/admin_server.go:144.27,146.3 1 0
github.com/dbos-inc/dbos-transact-golang/dbos/admin_server.go:146.8,148.3 1 18
github.com/dbos-inc/dbos-transact-golang/dbos/admin_server.go:150.2,150.28 1 18
github.com/dbos-inc/dbos-transact-golang/dbos/admin_server.go:150.28,152.3 1 3
github.com/dbos-inc/dbos-transact-golang/dbos/admin_server.go:152.8,154.3 1 15
github.com/dbos-inc/dbos-transact-golang/dbos/admin_server.go:156.2,156.39 1 18
github.com/dbos-inc/dbos-transact-golang/dbos/admin_server.go:156.39,158.17 2 17
github.com/dbos-inc/dbos-transact-golang/dbos/admin_server.go:158.17,160.4 1 0
github.com/dbos-inc/dbos-transact-golang/dbos/admin_server.go:161.3,161.34 1 17
github.com/dbos-inc/dbos-transact-golang/dbos/admin_server.go:164.2,164.41 1 18
github.com/dbos-inc/dbos-transact-golang/dbos/admin_server.go:164.41,166.17 2 8
github.com/dbos-inc/dbos-transact-golang/dbos/admin_server.go:166.17,168.4 1 0
github.com/dbos-inc/dbos-transact-golang/dbos/admin_server.go:169.3,169.35 1 8
github.com/dbos-inc/dbos-transact-golang/dbos/admin_server.go:172.2,172.20 1 18
github.com/dbos-inc/dbos-transact-golang/dbos/admin_server.go:175.62,184.84 4 5
github.com/dbos-inc/dbos-transact-golang/dbos/admin_server.go:184.84,188.17 4 1
github.com/dbos-inc/dbos-transact-golang/dbos/admin_server.go:188.17,192.4 3 0
github.com/dbos-inc/dbos-transact-golang/dbos/admin_server.go:195.2,196.90 2 5
github.com/dbos-inc/dbos-transact-golang/dbos/admin_server.go:196.90,198.70 2 2
github.com/dbos-inc/dbos-transact-golang/dbos/admin_server.go:198.70,201.4 2 1
github.com/dbos-inc/dbos-transact-golang/dbos/admin_server.go:203.3,206.17 3 1
github.com/dbos-inc/dbos-transact-golang/dbos/admin_server.go:206.17,210.4 3 0
github.com/dbos-inc/dbos-transact-golang/dbos/admin_server.go:213.3,214.34 2 1
github.com/dbos-inc/dbos-transact-golang/dbos/admin_server.go:214.34,216.4 1 0
github.com/dbos-inc/dbos-transact-golang/dbos/admin_server.go:218.3,219.64 2 1
github.com/dbos-inc/dbos-transact-golang/dbos/admin_server.go:219.64,223.4 3 0
github.com/dbos-inc/dbos-transact-golang/dbos/admin_server.go:226.2,227.83 2 5
github.com/dbos-inc/dbos-transact-golang/dbos/admin_server.go:227.83,228.44 1 1
github.com/dbos-inc/dbos-transact-golang/dbos/admin_server.go:228.44,231.36 2 1
github.com/dbos-inc/dbos-transact-golang/dbos/admin_server.go:231.36,233.5 1 1
github.com/dbos-inc/dbos-transact-golang/dbos/admin_server.go:236.3,238.59 3 1
github.com/dbos-inc/dbos-transact-golang/dbos/admin_server.go:238.59,240.4 1 0
github.com/dbos-inc/dbos-transact-golang/dbos/admin_server.go:243.2,244.97 2 5
github.com/dbos-inc/dbos-transact-golang/dbos/admin_server.go:244.97,248.71 3 1
github.com/dbos-inc/dbos-transact-golang/dbos/admin_server.go:248.71,252.4 3 0
github.com/dbos-inc/dbos-transact-golang/dbos/admin_server.go:255.2,256.88 2 5
github.com/dbos-inc/dbos-transact-golang/dbos/admin_server.go:256.88,262.65 2 0
github.com/dbos-inc/dbos-transact-golang/dbos/admin_server.go:262.65,265.4 2 0
github.com/dbos-inc/dbos-transact-golang/dbos/admin_server.go:275.3,275.38 1 0
github.com/dbos-inc/dbos-transact-golang/dbos/admin_server.go:278.2,279.87 2 5
github.com/dbos-inc/dbos-transact-golang/dbos/admin_server.go:279.87,284.65 2 0
github.com/dbos-inc/dbos-transact-golang/dbos/admin_server.go:284.65,287.4 2 0
github.com/dbos-inc/dbos-transact-golang/dbos/admin_server.go:289.3,293.17 4 0
github.com/dbos-inc/dbos-transact-golang/dbos/admin_server.go:293.17,297.4 3 0
github.com/dbos-inc/dbos-transact-golang/dbos/admin_server.go:299.3,299.38 1 0
github.com/dbos-inc/dbos-transact-golang/dbos/admin_server.go:302.2,303.82 2 5
github.com/dbos-inc/dbos-transact-golang/dbos/admin_server.go:303.82,305.26 2 6
github.com/dbos-inc/dbos-transact-golang/dbos/admin_server.go:305.26,306.63 1 5
github.com/dbos-inc/dbos-transact-golang/dbos/admin_server.go:306.63,309.5 2 0
github.com/dbos-inc/dbos-transact-golang/dbos/admin_server.go:312.3,313.17 2 6
github.com/dbos-inc/dbos-transact-golang/dbos/admin_server.go:313.17,317.4 3 0
github.com/dbos-inc/dbos-transact-golang/dbos/admin_server.go:320.3,321.32 2 6
github.com/dbos-inc/dbos-transact-golang/dbos/admin_server.go:321.32,323.18 2 9
github.com/dbos-inc/dbos-transact-golang/dbos/admin_server.go:323.18,327.5 3 0
github.com/dbos-inc/dbos-transact-golang/dbos/admin_server.go:330.3,331.70 2 6
github.com/dbos-inc/dbos-transact-golang/dbos/admin_server.go:331.70,334.4 2 0
github.com/dbos-inc/dbos-transact-golang/dbos/admin_server.go:337.2,338.81 2 5
github.com/dbos-inc/dbos-transact-golang/dbos/admin_server.go:338.81,344.17 4 0
github.com/dbos-inc/dbos-transact-golang/dbos/admin_server.go:344.17,348.4 3 0
github.com/dbos-inc/dbos-transact-golang/dbos/admin_server.go:351.3,351.26 1 0
github.com/dbos-inc/dbos-transact-golang/dbos/admin_server.go:351.26,354.4 2 0
github.com/dbos-inc/dbos-transact-golang/dbos/admin_server.go:357.3,358.17 2 0
github.com/dbos-inc/dbos-transact-golang/dbos/admin_server.go:358.17,362.4 3 0
github.com/dbos-inc/dbos-transact-golang/dbos/admin_server.go:364.3,365.61 2 0
github.com/dbos-inc/dbos-transact-golang/dbos/admin_server.go:365.61,368.4 2 0
github.com/dbos-inc/dbos-transact-golang/dbos/admin_server.go:371.2,372.89 2 5
github.com/dbos-inc/dbos-transact-golang/dbos/admin_server.go:372.89,374.26 2 3
github.com/dbos-inc/dbos-transact-golang/dbos/admin_server.go:374.26,375.63 1 2
github.com/dbos-inc/dbos-transact-golang/dbos/admin_server.go:375.63,378.5 2 0
github.com/dbos-inc/dbos-transact-golang/dbos/admin_server.go:381.3,382.27 2 3
github.com/dbos-inc/dbos-transact-golang/dbos/admin_server.go:382.27,384.4 1 2
github.com/dbos-inc/dbos-transact-golang/dbos/admin_server.go:385.3,387.17 3 3
github.com/dbos-inc/dbos-transact-golang/dbos/admin_server.go:387.17,391.4 3 0
github.com/dbos-inc/dbos-transact-golang/dbos/admin_server.go:394.3,395.32 2 3
github.com/dbos-inc/dbos-transact-golang/dbos/admin_server.go:395.32,397.18 2 9
github.com/dbos-inc/dbos-transact-golang/dbos/admin_server.go:397.18,401.5 3 0
github.com/dbos-inc/dbos-transact-golang/dbos/admin_server.go:404.3,405.70 2 3
github.com/dbos-inc/dbos-transact-golang/dbos/admin_server.go:405.70,408.4 2 0
github.com/dbos-inc/dbos-transact-golang/dbos/admin_server.go:411.2,412.87 2 5
github.com/dbos-inc/dbos-transact-golang/dbos/admin_server.go:412.87,416.17 3 0
github.com/dbos-inc/dbos-transact-golang/dbos/admin_server.go:416.17,420.4 3 0
github.com/dbos-inc/dbos-transact-golang/dbos/admin_server.go:423.3,424.30 2 0
github.com/dbos-inc/dbos-transact-golang/dbos/admin_server.go:424.30,432.4 1 0
github.com/dbos-inc/dbos-transact-golang/dbos/admin_server.go:434.3,435.67 2 0
github.com/dbos-inc/dbos-transact-golang/dbos/admin_server.go:435.67,438.4 2 0
github.com/dbos-inc/dbos-transact-golang/dbos/admin_server.go:441.2,442.88 2 5
github.com/dbos-inc/dbos-transact-golang/dbos/admin_server.go:442.88,447.17 4 0
github.com/dbos-inc/dbos-transact-golang/dbos/admin_server.go:447.17,451.4 3 0
github.com/dbos-inc/dbos-transact-golang/dbos/admin_server.go:453.3,453.38 1 0
github.com/dbos-inc/dbos-transact-golang/dbos/admin_server.go:456.2,457.88 2 5
github.com/dbos-inc/dbos-transact-golang/dbos/admin_server.go:457.88,462.17 4 0
github.com/dbos-inc/dbos-transact-golang/dbos/admin_server.go:462.17,466.4 3 0
github.com/dbos-inc/dbos-transact-golang/dbos/admin_server.go:468.3,468.38 1 0
github.com/dbos-inc/dbos-transact-golang/dbos/admin_server.go:471.2,472.86 2 5
github.com/dbos-inc/dbos-transact-golang/dbos/admin_server.go:472.86,480.63 3 0
github.com/dbos-inc/dbos-transact-golang/dbos/admin_server.go:480.63,483.4 2 0
github.com/dbos-inc/dbos-transact-golang/dbos/admin_server.go:486.3,489.28 2 0
github.com/dbos-inc/dbos-transact-golang/dbos/admin_server.go:489.28,491.4 1 0
github.com/dbos-inc/dbos-transact-golang/dbos/admin_server.go:492.3,492.35 1 0
github.com/dbos-inc/dbos-transact-golang/dbos/admin_server.go:492.35,494.4 1 0
github.com/dbos-inc/dbos-transact-golang/dbos/admin_server.go:495.3,495.37 1 0
github.com/dbos-inc/dbos-transact-golang/dbos/admin_server.go:495.37,497.4 1 0
github.com/dbos-inc/dbos-transact-golang/dbos/admin_server.go:499.3,502.17 3 0
github.com/dbos-inc/dbos-transact-golang/dbos/admin_server.go:502.17,506.4 3 0
github.com/dbos-inc/dbos-transact-golang/dbos/admin_server.go:508.3,513.61 3 0
github.com/dbos-inc/dbos-transact-golang/dbos/admin_server.go:513.61,516.4 2 0
github.com/dbos-inc/dbos-transact-golang/dbos/admin_server.go:519.2,526.11 3 5
github.com/dbos-inc/dbos-transact-golang/dbos/admin_server.go:529.38,533.12 3 5
github.com/dbos-inc/dbos-transact-golang/dbos/admin_server.go:533.12,535.83 2 5
github.com/dbos-inc/dbos-transact-golang/dbos/admin_server.go:535.83,537.4 1 0
github.com/dbos-inc/dbos-transact-golang/dbos/admin_server.go:540.2,540.12 1 5
github.com/dbos-inc/dbos-transact-golang/dbos/admin_server.go:543.62,549.48 4 5
github.com/dbos-inc/dbos-transact-golang/dbos/admin_server.go:549.48,552.3 2 0
github.com/dbos-inc/dbos-transact-golang/dbos/admin_server.go:555.2,556.12 2 5
github.com/dbos-inc/dbos-transact-golang/dbos/admin_server.go:556.12,559.3 2 5
github.com/dbos-inc/dbos-transact-golang/dbos/admin_server.go:561.2,561.9 1 5
github.com/dbos-inc/dbos-transact-golang/dbos/admin_server.go:562.14,563.51 1 5
github.com/dbos-inc/dbos-transact-golang/dbos/admin_server.go:564.20,565.52 1 0
github.com/dbos-inc/dbos-transact-golang/dbos/admin_server.go:568.2,568.12 1 5
github.com/dbos-inc/dbos-transact-golang/dbos/client.go:54.74,62.16 2 4
github.com/dbos-inc/dbos-transact-golang/dbos/client.go:62.16,64.3 1 0
github.com/dbos-inc/dbos-transact-golang/dbos/client.go:66.2,68.8 1 4
github.com/dbos-inc/dbos-transact-golang/dbos/client.go:75.53,76.36 1 17
github.com/dbos-inc/dbos-transact-golang/dbos/client.go:76.36,78.3 1 17
github.com/dbos-inc/dbos-transact-golang/dbos/client.go:82.66,83.36 1 22
github.com/dbos-inc/dbos-transact-golang/dbos/client.go:83.36,85.3 1 22
github.com/dbos-inc/dbos-transact-golang/dbos/client.go:89.58,90.36 1 4
github.com/dbos-inc/dbos-transact-golang/dbos/client.go:90.36,92.3 1 4
github.com/dbos-inc/dbos-transact-golang/dbos/client.go:96.55,97.36 1 2
github.com/dbos-inc/dbos-transact-golang/dbos/client.go:97.36,99.3 1 2
github.com/dbos-inc/dbos-transact-golang/dbos/client.go:103.62,104.36 1 2
github.com/dbos-inc/dbos-transact-golang/dbos/client.go:104.36,106.3 1 2
github.com/dbos-inc/dbos-transact-golang/dbos/client.go:120.121,123.9 2 24
github.com/dbos-inc/dbos-transact-golang/dbos/client.go:123.9,125.3 1 0
github.com/dbos-inc/dbos-transact-golang/dbos/client.go:128.2,133.27 2 24
github.com/dbos-inc/dbos-transact-golang/dbos/client.go:133.27,135.3 1 47
github.com/dbos-inc/dbos-transact-golang/dbos/client.go:137.2,138.22 2 24
github.com/dbos-inc/dbos-transact-golang/dbos/client.go:138.22,140.3 1 7
github.com/dbos-inc/dbos-transact-golang/dbos/client.go:142.2,143.32 2 24
github.com/dbos-inc/dbos-transact-golang/dbos/client.go:143.32,145.3 1 2
github.com/dbos-inc/dbos-transact-golang/dbos/client.go:147.2,147.41 1 24
github.com/dbos-inc/dbos-transact-golang/dbos/client.go:147.41,149.3 1 0
github.com/dbos-inc/dbos-transact-golang/dbos/client.go:150.2,167.16 4 24
github.com/dbos-inc/dbos-transact-golang/dbos/client.go:167.16,169.3 1 0
github.com/dbos-inc/dbos-transact-golang/dbos/client.go:170.2,178.16 4 24
github.com/dbos-inc/dbos-transact-golang/dbos/client.go:178.16,181.3 2 1
github.com/dbos-inc/dbos-transact-golang/dbos/client.go:183.2,183.52 1 23
github.com/dbos-inc/dbos-transact-golang/dbos/client.go:183.52,185.3 1 0
github.com/dbos-inc/dbos-transact-golang/dbos/client.go:187.2,187.73 1 23
github.com/dbos-inc/dbos-transact-golang/dbos/client.go:238.129,239.14 1 24
github.com/dbos-inc/dbos-transact-golang/dbos/client.go:239.14,241.3 1 0
github.com/dbos-inc/dbos-transact-golang/dbos/client.go:244.2,251.16 6 24
github.com/dbos-inc/dbos-transact-golang/dbos/client.go:251.16,253.3 1 1
github.com/dbos-inc/dbos-transact-golang/dbos/client.go:255.2,255.86 1 23
github.com/dbos-inc/dbos-transact-golang/dbos/client.go:259.87,261.2 1 12
github.com/dbos-inc/dbos-transact-golang/dbos/client.go:264.78,266.2 1 0
github.com/dbos-inc/dbos-transact-golang/dbos/client.go:269.93,271.2 1 0
github.com/dbos-inc/dbos-transact-golang/dbos/client.go:274.83,276.2 1 1
github.com/dbos-inc/dbos-transact-golang/dbos/client.go:279.58,281.2 1 3
github.com/dbos-inc/dbos-transact-golang/dbos/client.go:284.81,286.2 1 4
github.com/dbos-inc/dbos-transact-golang/dbos/client.go:289.85,291.2 1 7
github.com/dbos-inc/dbos-transact-golang/dbos/client.go:294.50,297.9 2 4
github.com/dbos-inc/dbos-transact-golang/dbos/client.go:297.9,299.3 1 0
github.com/dbos-inc/dbos-transact-golang/dbos/client.go:302.2,302.29 1 4
github.com/dbos-inc/dbos-transact-golang/dbos/client.go:302.29,305.3 2 4
github.com/dbos-inc/dbos-transact-golang/dbos/conductor.go:59.30,63.2 3 4
github.com/dbos-inc/dbos-transact-golang/dbos/conductor.go:65.85,66.25 1 4
github.com/dbos-inc/dbos-transact-golang/dbos/conductor.go:66.25,68.3 1 0
github.com/dbos-inc/dbos-transact-golang/dbos/conductor.go:69.2,69.22 1 4
github.com/dbos-inc/dbos-transact-golang/dbos/conductor.go:69.22,71.3 1 0
github.com/dbos-inc/dbos-transact-golang/dbos/conductor.go:73.2,74.16 2 4
github.com/dbos-inc/dbos-transact-golang/dbos/conductor.go:74.16,76.3 1 0
github.com/dbos-inc/dbos-transact-golang/dbos/conductor.go:78.2,96.15 4 4
github.com/dbos-inc/dbos-transact-golang/dbos/conductor.go:99.53,100.23 1 0
github.com/dbos-inc/dbos-transact-golang/dbos/conductor.go:100.23,101.26 1 0
github.com/dbos-inc/dbos-transact-golang/dbos/conductor.go:101.26,103.4 1 0
github.com/dbos-inc/dbos-transact-golang/dbos/conductor.go:105.3,108.13 3 0
github.com/dbos-inc/dbos-transact-golang/dbos/conductor.go:108.13,111.4 2 0
github.com/dbos-inc/dbos-transact-golang/dbos/conductor.go:113.3,113.10 1 0
github.com/dbos-inc/dbos-transact-golang/dbos/conductor.go:114.15,115.40 1 0
github.com/dbos-inc/dbos-transact-golang/dbos/conductor.go:116.30,117.83 1 0
github.com/dbos-inc/dbos-transact-golang/dbos/conductor.go:123.61,127.2 2 1
github.com/dbos-inc/dbos-transact-golang/dbos/conductor.go:130.33,132.25 1 14
github.com/dbos-inc/dbos-transact-golang/dbos/conductor.go:132.25,135.3 2 10
github.com/dbos-inc/dbos-transact-golang/dbos/conductor.go:138.2,141.19 3 14
github.com/dbos-inc/dbos-transact-golang/dbos/conductor.go:141.19,142.82 1 10
github.com/dbos-inc/dbos-transact-golang/dbos/conductor.go:142.82,144.4 1 0
github.com/dbos-inc/dbos-transact-golang/dbos/conductor.go:145.3,146.17 2 10
github.com/dbos-inc/dbos-transact-golang/dbos/conductor.go:146.17,148.4 1 2
github.com/dbos-inc/dbos-transact-golang/dbos/conductor.go:149.3,150.17 2 10
github.com/dbos-inc/dbos-transact-golang/dbos/conductor.go:150.17,152.4 1 0
github.com/dbos-inc/dbos-transact-golang/dbos/conductor.go:153.3,153.15 1 10
github.com/dbos-inc/dbos-transact-golang/dbos/conductor.go:156.2,156.30 1 14
github.com/dbos-inc/dbos-transact-golang/dbos/conductor.go:159.27,162.6 2 4
github.com/dbos-inc/dbos-transact-golang/dbos/conductor.go:162.6,164.10 1 15
github.com/dbos-inc/dbos-transact-golang/dbos/conductor.go:165.27,168.10 3 4
github.com/dbos-inc/dbos-transact-golang/dbos/conductor.go:169.11,169.11 0 11
github.com/dbos-inc/dbos-transact-golang/dbos/conductor.go:173.3,173.30 1 11
github.com/dbos-inc/dbos-transact-golang/dbos/conductor.go:173.30,174.38 1 11
github.com/dbos-inc/dbos-transact-golang/dbos/conductor.go:174.38,176.12 2 1
github.com/dbos-inc/dbos-transact-golang/dbos/conductor.go:177.29,179.12 2 0
github.com/dbos-inc/dbos-transact-golang/dbos/conductor.go:180.52,182.47 1 1
github.com/dbos-inc/dbos-transact-golang/dbos/conductor.go:182.47,184.48 2 1
github.com/dbos-inc/dbos-transact-golang/dbos/conductor.go:184.48,186.8 1 0
github.com/dbos-inc/dbos-transact-golang/dbos/conductor.go:188.6,188.14 1 1
github.com/dbos-inc/dbos-transact-golang/dbos/conductor.go:192.4,193.33 2 10
github.com/dbos-inc/dbos-transact-golang/dbos/conductor.go:197.3,197.20 1 10
github.com/dbos-inc/dbos-transact-golang/dbos/conductor.go:197.20,199.12 2 0
github.com/dbos-inc/dbos-transact-golang/dbos/conductor.go:203.3,204.17 2 10
github.com/dbos-inc/dbos-transact-golang/dbos/conductor.go:204.17,205.103 1 9
github.com/dbos-inc/dbos-transact-golang/dbos/conductor.go:205.103,207.5 1 0
github.com/dbos-inc/dbos-transact-golang/dbos/conductor.go:207.10,207.68 1 9
github.com/dbos-inc/dbos-transact-golang/dbos/conductor.go:207.68,209.5 1 6
github.com/dbos-inc/dbos-transact-golang/dbos/conductor.go:209.10,211.5 1 3
github.com/dbos-inc/dbos-transact-golang/dbos/conductor.go:213.4,214.12 2 9
github.com/dbos-inc/dbos-transact-golang/dbos/conductor.go:218.3,218.43 1 1
github.com/dbos-inc/dbos-transact-golang/dbos/conductor.go:218.43,221.12 3 1
github.com/dbos-inc/dbos-transact-golang/dbos/conductor.go:224.3,225.50 2 0
github.com/dbos-inc/dbos-transact-golang/dbos/conductor.go:225.50,227.4 1 0
github.com/dbos-inc/dbos-transact-golang/dbos/conductor.go:228.3,228.105 1 0
github.com/dbos-inc/dbos-transact-golang/dbos/conductor.go:232.37,240.16 4 11
github.com/dbos-inc/dbos-transact-golang/dbos/conductor.go:240.16,242.3 1 1
github.com/dbos-inc/dbos-transact-golang/dbos/conductor.go:245.2,245.76 1 10
github.com/dbos-inc/dbos-transact-golang/dbos/conductor.go:245.76,247.18 2 0
github.com/dbos-inc/dbos-transact-golang/dbos/conductor.go:247.18,249.4 1 0
github.com/dbos-inc/dbos-transact-golang/dbos/conductor.go:250.3,250.60 1 0
github.com/dbos-inc/dbos-transact-golang/dbos/conductor.go:254.2,254.49 1 10
github.com/dbos-inc/dbos-transact-golang/dbos/conductor.go:254.49,257.3 2 81
github.com/dbos-inc/dbos-transact-golang/dbos/conductor.go:260.2,268.12 5 10
github.com/dbos-inc/dbos-transact-golang/dbos/conductor.go:268.12,273.7 4 10
github.com/dbos-inc/dbos-transact-golang/dbos/conductor.go:273.7,274.11 1 95
github.com/dbos-inc/dbos-transact-golang/dbos/conductor.go:275.26,277.11 2 10
github.com/dbos-inc/dbos-transact-golang/dbos/conductor.go:278.20,279.36 1 85
github.com/dbos-inc/dbos-transact-golang/dbos/conductor.go:279.36,284.6 3 0
github.com/dbos-inc/dbos-transact-golang/dbos/conductor.go:289.2,290.12 2 10
github.com/dbos-inc/dbos-transact-golang/dbos/conductor.go:293.34,297.19 3 85
github.com/dbos-inc/dbos-transact-golang/dbos/conductor.go:297.19,299.3 1 0
github.com/dbos-inc/dbos-transact-golang/dbos/conductor.go:301.2,303.81 2 85
github.com/dbos-inc/dbos-transact-golang/dbos/conductor.go:303.81,305.3 1 0
github.com/dbos-inc/dbos-transact-golang/dbos/conductor.go:306.2,306.72 1 85
github.com/dbos-inc/dbos-transact-golang/dbos/conductor.go:306.72,308.3 1 0
github.com/dbos-inc/dbos-transact-golang/dbos/conductor.go:309.2,309.61 1 85
github.com/dbos-inc/dbos-transact-golang/dbos/conductor.go:309.61,311.3 1 0
github.com/dbos-inc/dbos-transact-golang/dbos/conductor.go:313.2,313.12 1 85
github.com/dbos-inc/dbos-transact-golang/dbos/conductor.go:316.54,318.52 2 0
github.com/dbos-inc/dbos-transact-golang/dbos/conductor.go:318.52,321.3 2 0
github.com/dbos-inc/dbos-transact-golang/dbos/conductor.go:322.2,324.19 2 0
github.com/dbos-inc/dbos-transact-golang/dbos/conductor.go:325.20,326.59 1 0
github.com/dbos-inc/dbos-transact-golang/dbos/conductor.go:327.23,328.55 1 0
github.com/dbos-inc/dbos-transact-golang/dbos/conductor.go:329.29,330.61 1 0
github.com/dbos-inc/dbos-transact-golang/dbos/conductor.go:331.29,332.61 1 0
github.com/dbos-inc/dbos-transact-golang/dbos/conductor.go:333.28,334.60 1 0
github.com/dbos-inc/dbos-transact-golang/dbos/conductor.go:335.34,336.66 1 0
github.com/dbos-inc/dbos-transact-golang/dbos/conductor.go:337.24,338.56 1 0
github.com/dbos-inc/dbos-transact-golang/dbos/conductor.go:339.26,340.58 1 0
github.com/dbos-inc/dbos-transact-golang/dbos/conductor.go:341.27,342.59 1 0
github.com/dbos-inc/dbos-transact-golang/dbos/conductor.go:343.36,344.68 1 0
github.com/dbos-inc/dbos-transact-golang/dbos/conductor.go:345.24,346.56 1 0
github.com/dbos-inc/dbos-transact-golang/dbos/conductor.go:347.10,349.87 2 0
github.com/dbos-inc/dbos-transact-golang/dbos/conductor.go:353.84,355.51 2 0
github.com/dbos-inc/dbos-transact-golang/dbos/conductor.go:355.51,358.3 2 0
github.com/dbos-inc/dbos-transact-golang/dbos/conductor.go:359.2,362.16 3 0
github.com/dbos-inc/dbos-transact-golang/dbos/conductor.go:362.16,365.3 2 0
github.com/dbos-inc/dbos-transact-golang/dbos/conductor.go:367.2,379.55 2 0
github.com/dbos-inc/dbos-transact-golang/dbos/conductor.go:382.80,384.51 2 0
github.com/dbos-inc/dbos-transact-golang/dbos/conductor.go:384.51,387.3 2 0
github.com/dbos-inc/dbos-transact-golang/dbos/conductor.go:388.2,394.16 5 0
github.com/dbos-inc/dbos-transact-golang/dbos/conductor.go:394.16,399.3 4 0
github.com/dbos-inc/dbos-transact-golang/dbos/conductor.go:399.8,401.3 1 0
github.com/dbos-inc/dbos-transact-golang/dbos/conductor.go:403.2,414.58 2 0
github.com/dbos-inc/dbos-transact-golang/dbos/conductor.go:417.86,419.51 2 0
github.com/dbos-inc/dbos-transact-golang/dbos/conductor.go:419.51,422.3 2 0
github.com/dbos-inc/dbos-transact-golang/dbos/conductor.go:423.2,428.76 4 0
github.com/dbos-inc/dbos-transact-golang/dbos/conductor.go:428.76,433.3 4 0
github.com/dbos-inc/dbos-transact-golang/dbos/conductor.go:433.8,435.3 1 0
github.com/dbos-inc/dbos-transact-golang/dbos/conductor.go:437.2,448.64 2 0
github.com/dbos-inc/dbos-transact-golang/dbos/conductor.go:451.86,453.51 2 0
github.com/dbos-inc/dbos-transact-golang/dbos/conductor.go:453.51,456.3 2 0
github.com/dbos-inc/dbos-transact-golang/dbos/conductor.go:457.2,463.16 5 0
github.com/dbos-inc/dbos-transact-golang/dbos/conductor.go:463.16,468.3 4 0
github.com/dbos-inc/dbos-transact-golang/dbos/conductor.go:468.8,470.3 1 0
github.com/dbos-inc/dbos-transact-golang/dbos/conductor.go:472.2,483.64 2 0
github.com/dbos-inc/dbos-transact-golang/dbos/conductor.go:486.81,488.51 2 0
github.com/dbos-inc/dbos-transact-golang/dbos/conductor.go:488.51,491.3 2 0
github.com/dbos-inc/dbos-transact-golang/dbos/conductor.go:492.2,498.72 4 0
github.com/dbos-inc/dbos-transact-golang/dbos/conductor.go:498.72,500.38 2 0
github.com/dbos-inc/dbos-transact-golang/dbos/conductor.go:500.38,503.4 2 0
github.com/dbos-inc/dbos-transact-golang/dbos/conductor.go:505.3,506.38 2 0
github.com/dbos-inc/dbos-transact-golang/dbos/conductor.go:506.38,508.4 1 0
github.com/dbos-inc/dbos-transact-golang/dbos/conductor.go:510.3,516.17 3 0
github.com/dbos-inc/dbos-transact-golang/dbos/conductor.go:516.17,521.4 4 0
github.com/dbos-inc/dbos-transact-golang/dbos/conductor.go:521.9,523.4 1 0
github.com/dbos-inc/dbos-transact-golang/dbos/conductor.go:527.2,527.53 1 0
github.com/dbos-inc/dbos-transact-golang/dbos/conductor.go:527.53,530.17 3 0
github.com/dbos-inc/dbos-transact-golang/dbos/conductor.go:530.17,535.4 4 0
github.com/dbos-inc/dbos-transact-golang/dbos/conductor.go:535.9,537.4 1 0
github.com/dbos-inc/dbos-transact-golang/dbos/conductor.go:540.2,551.59 2 0
github.com/dbos-inc/dbos-transact-golang/dbos/conductor.go:554.85,556.51 2 0
github.com/dbos-inc/dbos-transact-golang/dbos/conductor.go:556.51,559.3 2 0
github.com/dbos-inc/dbos-transact-golang/dbos/conductor.go:560.2,565.23 5 0
github.com/dbos-inc/dbos-transact-golang/dbos/conductor.go:565.23,567.3 1 0
github.com/dbos-inc/dbos-transact-golang/dbos/conductor.go:568.2,568.37 1 0
github.com/dbos-inc/dbos-transact-golang/dbos/conductor.go:568.37,570.3 1 0
github.com/dbos-inc/dbos-transact-golang/dbos/conductor.go:571.2,571.34 1 0
github.com/dbos-inc/dbos-transact-golang/dbos/conductor.go:571.34,573.3 1 0
github.com/dbos-inc/dbos-transact-golang/dbos/conductor.go:574.2,574.39 1 0
github.com/dbos-inc/dbos-transact-golang/dbos/conductor.go:574.39,576.3 1 0
github.com/dbos-inc/dbos-transact-golang/dbos/conductor.go:577.2,577.40 1 0
github.com/dbos-inc/dbos-transact-golang/dbos/conductor.go:577.40,579.3 1 0
github.com/dbos-inc/dbos-transact-golang/dbos/conductor.go:580.2,580.27 1 0
github.com/dbos-inc/dbos-transact-golang/dbos/conductor.go:580.27,582.3 1 0
github.com/dbos-inc/dbos-transact-golang/dbos/conductor.go:583.2,583.28 1 0
github.com/dbos-inc/dbos-transact-golang/dbos/conductor.go:583.28,585.3 1 0
github.com/dbos-inc/dbos-transact-golang/dbos/conductor.go:586.2,586.31 1 0
github.com/dbos-inc/dbos-transact-golang/dbos/conductor.go:586.31,588.3 1 0
github.com/dbos-inc/dbos-transact-golang/dbos/conductor.go:589.2,589.29 1 0
github.com/dbos-inc/dbos-transact-golang/dbos/conductor.go:589.29,591.3 1 0
github.com/dbos-inc/dbos-transact-golang/dbos/conductor.go:592.2,592.28 1 0
github.com/dbos-inc/dbos-transact-golang/dbos/conductor.go:592.28,594.3 1 0
github.com/dbos-inc/dbos-transact-golang/dbos/conductor.go:596.2,597.16 2 0
github.com/dbos-inc/dbos-transact-golang/dbos/conductor.go:597.16,611.3 4 0
github.com/dbos-inc/dbos-transact-golang/dbos/conductor.go:613.2,614.31 2 0
github.com/dbos-inc/dbos-transact-golang/dbos/conductor.go:614.31,616.3 1 0
github.com/dbos-inc/dbos-transact-golang/dbos/conductor.go:618.2,628.63 2 0
github.com/dbos-inc/dbos-transact-golang/dbos/conductor.go:631.91,633.51 2 0
github.com/dbos-inc/dbos-transact-golang/dbos/conductor.go:633.51,636.3 2 0
github.com/dbos-inc/dbos-transact-golang/dbos/conductor.go:637.2,647.28 7 0
github.com/dbos-inc/dbos-transact-golang/dbos/conductor.go:647.28,650.74 2 0
github.com/dbos-inc/dbos-transact-golang/dbos/conductor.go:650.74,652.4 1 0
github.com/dbos-inc/dbos-transact-golang/dbos/conductor.go:653.3,653.50 1 0
github.com/dbos-inc/dbos-transact-golang/dbos/conductor.go:655.2,655.30 1 0
github.com/dbos-inc/dbos-transact-golang/dbos/conductor.go:655.30,657.3 1 0
github.com/dbos-inc/dbos-transact-golang/dbos/conductor.go:658.2,660.23 2 0
github.com/dbos-inc/dbos-transact-golang/dbos/conductor.go:660.23,662.3 1 0
github.com/dbos-inc/dbos-transact-golang/dbos/conductor.go:663.2,663.34 1 0
github.com/dbos-inc/dbos-transact-golang/dbos/conductor.go:663.34,665.3 1 0
github.com/dbos-inc/dbos-transact-golang/dbos/conductor.go:666.2,666.27 1 0
github.com/dbos-inc/dbos-transact-golang/dbos/conductor.go:666.27,668.3 1 0
github.com/dbos-inc/dbos-transact-golang/dbos/conductor.go:669.2,669.28 1 0
github.com/dbos-inc/dbos-transact-golang/dbos/conductor.go:669.28,671.3 1 0
github.com/dbos-inc/dbos-transact-golang/dbos/conductor.go:672.2,672.31 1 0
github.com/dbos-inc/dbos-transact-golang/dbos/conductor.go:672.31,674.3 1 0
github.com/dbos-inc/dbos-transact-golang/dbos/conductor.go:675.2,675.29 1 0
github.com/dbos-inc/dbos-transact-golang/dbos/conductor.go:675.29,677.3 1 0
github.com/dbos-inc/dbos-transact-golang/dbos/conductor.go:678.2,678.31 1 0
github.com/dbos-inc/dbos-transact-golang/dbos/conductor.go:678.31,680.3 1 0
github.com/dbos-inc/dbos-transact-golang/dbos/conductor.go:682.2,683.16 2 0
github.com/dbos-inc/dbos-transact-golang/dbos/conductor.go:683.16,697.3 4 0
github.com/dbos-inc/dbos-transact-golang/dbos/conductor.go:700.2,701.31 2 0
github.com/dbos-inc/dbos-transact-golang/dbos/conductor.go:701.31,703.3 1 0
github.com/dbos-inc/dbos-transact-golang/dbos/conductor.go:705.2,715.69 2 0
github.com/dbos-inc/dbos-transact-golang/dbos/conductor.go:718.81,720.51 2 0
github.com/dbos-inc/dbos-transact-golang/dbos/conductor.go:720.51,723.3 2 0
github.com/dbos-inc/dbos-transact-golang/dbos/conductor.go:724.2,728.16 3 0
github.com/dbos-inc/dbos-transact-golang/dbos/conductor.go:728.16,742.3 4 0
github.com/dbos-inc/dbos-transact-golang/dbos/conductor.go:745.2,746.18 2 0
github.com/dbos-inc/dbos-transact-golang/dbos/conductor.go:746.18,748.30 2 0
github.com/dbos-inc/dbos-transact-golang/dbos/conductor.go:748.30,750.4 1 0
github.com/dbos-inc/dbos-transact-golang/dbos/conductor.go:751.3,751.30 1 0
github.com/dbos-inc/dbos-transact-golang/dbos/conductor.go:754.2,764.59 2 0
github.com/dbos-inc/dbos-transact-golang/dbos/conductor.go:767.83,769.51 2 0
github.com/dbos-inc/dbos-transact-golang/dbos/conductor.go:769.51,772.3 2 0
github.com/dbos-inc/dbos-transact-golang/dbos/conductor.go:773.2,776.16 3 0
github.com/dbos-inc/dbos-transact-golang/dbos/conductor.go:776.16,790.3 4 0
github.com/dbos-inc/dbos-transact-golang/dbos/conductor.go:792.2,793.24 2 0
github.com/dbos-inc/dbos-transact-golang/dbos/conductor.go:793.24,796.3 2 0
github.com/dbos-inc/dbos-transact-golang/dbos/conductor.go:798.2,808.61 2 0
github.com/dbos-inc/dbos-transact-golang/dbos/conductor.go:811.84,813.51 2 0
github.com/dbos-inc/dbos-transact-golang/dbos/conductor.go:813.51,816.3 2 0
github.com/dbos-inc/dbos-transact-golang/dbos/conductor.go:817.2,820.28 2 0
github.com/dbos-inc/dbos-transact-golang/dbos/conductor.go:820.28,822.3 1 0
github.com/dbos-inc/dbos-transact-golang/dbos/conductor.go:823.2,823.42 1 0
github.com/dbos-inc/dbos-transact-golang/dbos/conductor.go:823.42,825.3 1 0
github.com/dbos-inc/dbos-transact-golang/dbos/conductor.go:826.2,832.35 2 0
github.com/dbos-inc/dbos-transact-golang/dbos/conductor.go:832.35,834.3 1 0
github.com/dbos-inc/dbos-transact-golang/dbos/conductor.go:835.2,835.40 1 0
github.com/dbos-inc/dbos-transact-golang/dbos/conductor.go:835.40,837.3 1 0
github.com/dbos-inc/dbos-transact-golang/dbos/conductor.go:840.2,844.16 4 0
github.com/dbos-inc/dbos-transact-golang/dbos/conductor.go:844.16,848.3 3 0
github.com/dbos-inc/dbos-transact-golang/dbos/conductor.go:848.8,852.3 3 0
github.com/dbos-inc/dbos-transact-golang/dbos/conductor.go:854.2,865.62 2 0
github.com/dbos-inc/dbos-transact-golang/dbos/conductor.go:868.93,870.51 2 0
github.com/dbos-inc/dbos-transact-golang/dbos/conductor.go:870.51,873.3 2 0
github.com/dbos-inc/dbos-transact-golang/dbos/conductor.go:874.2,885.16 5 0
github.com/dbos-inc/dbos-transact-golang/dbos/conductor.go:885.16,889.3 3 0
github.com/dbos-inc/dbos-transact-golang/dbos/conductor.go:891.2,902.71 2 0
github.com/dbos-inc/dbos-transact-golang/dbos/conductor.go:905.108,906.19 1 0
github.com/dbos-inc/dbos-transact-golang/dbos/conductor.go:906.19,908.3 1 0
github.com/dbos-inc/dbos-transact-golang/dbos/conductor.go:910.2,918.66 2 0
github.com/dbos-inc/dbos-transact-golang/dbos/conductor.go:921.75,925.19 3 0
github.com/dbos-inc/dbos-transact-golang/dbos/conductor.go:925.19,927.3 1 0
github.com/dbos-inc/dbos-transact-golang/dbos/conductor.go:929.2,930.16 2 0
github.com/dbos-inc/dbos-transact-golang/dbos/conductor.go:930.16,932.3 1 0
github.com/dbos-inc/dbos-transact-golang/dbos/conductor.go:934.2,936.81 2 0
github.com/dbos-inc/dbos-transact-golang/dbos/conductor.go:936.81,938.3 1 0
github.com/dbos-inc/dbos-transact-golang/dbos/conductor.go:939.2,939.73 1 0
github.com/dbos-inc/dbos-transact-golang/dbos/conductor.go:939.73,942.3 2 0
github.com/dbos-inc/dbos-transact-golang/dbos/conductor.go:943.2,943.61 1 0
github.com/dbos-inc/dbos-transact-golang/dbos/conductor.go:943.61,945.3 1 0
github.com/dbos-inc/dbos-transact-golang/dbos/conductor.go:947.2,947.12 1 0
github.com/dbos-inc/dbos-transact-golang/dbos/conductor_protocol.go:101.92,107.21 2 0
github.com/dbos-inc/dbos-transact-golang/dbos/conductor_protocol.go:107.21,110.3 2 0
github.com/dbos-inc/dbos-transact-golang/dbos/conductor_protocol.go:113.2,113.19 1 0
github.com/dbos-inc/dbos-transact-golang/dbos/conductor_protocol.go:113.19,115.3 1 0
github.com/dbos-inc/dbos-transact-golang/dbos/conductor_protocol.go:118.2,118.32 1 0
github.com/dbos-inc/dbos-transact-golang/dbos/conductor_protocol.go:118.32,120.3 1 0
github.com/dbos-inc/dbos-transact-golang/dbos/conductor_protocol.go:121.2,121.26 1 0
github.com/dbos-inc/dbos-transact-golang/dbos/conductor_protocol.go:121.26,123.3 1 0
github.com/dbos-inc/dbos-transact-golang/dbos/conductor_protocol.go:125.2,125.36 1 0
github.com/dbos-inc/dbos-transact-golang/dbos/conductor_protocol.go:125.36,127.17 2 0
github.com/dbos-inc/dbos-transact-golang/dbos/conductor_protocol.go:127.17,130.4 2 0
github.com/dbos-inc/dbos-transact-golang/dbos/conductor_protocol.go:134.2,134.21 1 0
github.com/dbos-inc/dbos-transact-golang/dbos/conductor_protocol.go:134.21,136.17 2 0
github.com/dbos-inc/dbos-transact-golang/dbos/conductor_protocol.go:136.17,139.4 2 0
github.com/dbos-inc/dbos-transact-golang/dbos/conductor_protocol.go:141.2,141.22 1 0
github.com/dbos-inc/dbos-transact-golang/dbos/conductor_protocol.go:141.22,143.17 2 0
github.com/dbos-inc/dbos-transact-golang/dbos/conductor_protocol.go:143.17,146.4 2 0
github.com/dbos-inc/dbos-transact-golang/dbos/conductor_protocol.go:150.2,150.21 1 0
github.com/dbos-inc/dbos-transact-golang/dbos/conductor_protocol.go:150.21,153.3 2 0
github.com/dbos-inc/dbos-transact-golang/dbos/conductor_protocol.go:156.2,156.28 1 0
github.com/dbos-inc/dbos-transact-golang/dbos/conductor_protocol.go:156.28,159.3 2 0
github.com/dbos-inc/dbos-transact-golang/dbos/conductor_protocol.go:160.2,160.28 1 0
github.com/dbos-inc/dbos-transact-golang/dbos/conductor_protocol.go:160.28,163.3 2 0
github.com/dbos-inc/dbos-transact-golang/dbos/conductor_protocol.go:166.2,166.24 1 0
github.com/dbos-inc/dbos-transact-golang/dbos/conductor_protocol.go:166.24,168.3 1 0
github.com/dbos-inc/dbos-transact-golang/dbos/conductor_protocol.go:171.2,171.33 1 0
github.com/dbos-inc/dbos-transact-golang/dbos/conductor_protocol.go:171.33,173.3 1 0
github.com/dbos-inc/dbos-transact-golang/dbos/conductor_protocol.go:176.2,176.25 1 0
github.com/dbos-inc/dbos-transact-golang/dbos/conductor_protocol.go:176.25,178.3 1 0
github.com/dbos-inc/dbos-transact-golang/dbos/conductor_protocol.go:180.2,180.15 1 0
github.com/dbos-inc/dbos-transact-golang/dbos/conductor_protocol.go:205.88,212.24 2 0
github.com/dbos-inc/dbos-transact-golang/dbos/conductor_protocol.go:212.24,214.17 2 0
github.com/dbos-inc/dbos-transact-golang/dbos/conductor_protocol.go:214.17,217.4 2 0
github.com/dbos-inc/dbos-transact-golang/dbos/conductor_protocol.go:221.2,221.23 1 0
github.com/dbos-inc/dbos-transact-golang/dbos/conductor_protocol.go:221.23,224.3 2 0
github.com/dbos-inc/dbos-transact-golang/dbos/conductor_protocol.go:227.2,227.32 1 0
github.com/dbos-inc/dbos-transact-golang/dbos/conductor_protocol.go:227.32,229.3 1 0
github.com/dbos-inc/dbos-transact-golang/dbos/conductor_protocol.go:231.2,231.15 1 0
github.com/dbos-inc/dbos-transact-golang/dbos/dbos.go:46.58,48.74 1 68
github.com/dbos-inc/dbos-transact-golang/dbos/dbos.go:48.74,50.3 1 1
github.com/dbos-inc/dbos-transact-golang/dbos/dbos.go:51.2,51.35 1 67
github.com/dbos-inc/dbos-transact-golang/dbos/dbos.go:51.35,53.3 1 1
github.com/dbos-inc/dbos-transact-golang/dbos/dbos.go:54.2,54.38 1 66
github.com/dbos-inc/dbos-transact-golang/dbos/dbos.go:54.38,56.3 1 61
github.com/dbos-inc/dbos-transact-golang/dbos/dbos.go:58.2,73.30 2 66
github.com/dbos-inc/dbos-transact-golang/dbos/dbos.go:73.30,75.3 1 65
github.com/dbos-inc/dbos-transact-golang/dbos/dbos.go:76.2,76.37 1 66
github.com/dbos-inc/dbos-transact-golang/dbos/dbos.go:76.37,78.3 1 63
github.com/dbos-inc/dbos-transact-golang/dbos/dbos.go:81.2,81.73 1 66
github.com/dbos-inc/dbos-transact-golang/dbos/dbos.go:81.73,83.3 1 6
github.com/dbos-inc/dbos-transact-golang/dbos/dbos.go:84.2,84.67 1 66
github.com/dbos-inc/dbos-transact-golang/dbos/dbos.go:84.67,86.3 1 8
github.com/dbos-inc/dbos-transact-golang/dbos/dbos.go:89.2,89.41 1 66
github.com/dbos-inc/dbos-transact-golang/dbos/dbos.go:89.41,91.3 1 59
github.com/dbos-inc/dbos-transact-golang/dbos/dbos.go:92.2,92.33 1 66
github.com/dbos-inc/dbos-transact-golang/dbos/dbos.go:92.33,94.3 1 57
github.com/dbos-inc/dbos-transact-golang/dbos/dbos.go:96.2,96.24 1 66
github.com/dbos-inc/dbos-transact-golang/dbos/dbos.go:172.64,174.2 1 3267
github.com/dbos-inc/dbos-transact-golang/dbos/dbos.go:176.46,178.2 1 113753
github.com/dbos-inc/dbos-transact-golang/dbos/dbos.go:180.35,182.2 1 114
github.com/dbos-inc/dbos-transact-golang/dbos/dbos.go:184.42,186.2 1 10302
github.com/dbos-inc/dbos-transact-golang/dbos/dbos.go:191.59,192.16 1 3650
github.com/dbos-inc/dbos-transact-golang/dbos/dbos.go:192.16,194.3 1 0
github.com/dbos-inc/dbos-transact-golang/dbos/dbos.go:196.2,196.43 1 3650
github.com/dbos-inc/dbos-transact-golang/dbos/dbos.go:196.43,208.3 1 3650
github.com/dbos-inc/dbos-transact-golang/dbos/dbos.go:209.2,209.12 1 0
github.com/dbos-inc/dbos-transact-golang/dbos/dbos.go:215.49,216.16 1 3872
github.com/dbos-inc/dbos-transact-golang/dbos/dbos.go:216.16,218.3 1 0
github.com/dbos-inc/dbos-transact-golang/dbos/dbos.go:219.2,219.43 1 3872
github.com/dbos-inc/dbos-transact-golang/dbos/dbos.go:219.43,231.3 1 3872
github.com/dbos-inc/dbos-transact-golang/dbos/dbos.go:232.2,232.12 1 0
github.com/dbos-inc/dbos-transact-golang/dbos/dbos.go:238.92,239.16 1 35
github.com/dbos-inc/dbos-transact-golang/dbos/dbos.go:239.16,240.22 1 0
github.com/dbos-inc/dbos-transact-golang/dbos/dbos.go:240.23,240.24 0 0
github.com/dbos-inc/dbos-transact-golang/dbos/dbos.go:242.2,242.43 1 35
github.com/dbos-inc/dbos-transact-golang/dbos/dbos.go:242.43,255.3 2 35
github.com/dbos-inc/dbos-transact-golang/dbos/dbos.go:256.2,256.21 1 0
github.com/dbos-inc/dbos-transact-golang/dbos/dbos.go:256.22,256.23 0 0
github.com/dbos-inc/dbos-transact-golang/dbos/dbos.go:259.57,260.32 1 18
github.com/dbos-inc/dbos-transact-golang/dbos/dbos.go:260.32,262.3 1 2
github.com/dbos-inc/dbos-transact-golang/dbos/dbos.go:263.2,263.28 1 18
github.com/dbos-inc/dbos-transact-golang/dbos/dbos.go:266.54,268.2 1 3268
github.com/dbos-inc/dbos-transact-golang/dbos/dbos.go:270.46,272.2 1 3211
github.com/dbos-inc/dbos-transact-golang/dbos/dbos.go:274.49,276.2 1 3205
github.com/dbos-inc/dbos-transact-golang/dbos/dbos.go:297.83,309.16 4 68
github.com/dbos-inc/dbos-transact-golang/dbos/dbos.go:309.16,311.3 1 2
github.com/dbos-inc/dbos-transact-golang/dbos/dbos.go:312.2,341.16 15 66
github.com/dbos-inc/dbos-transact-golang/dbos/dbos.go:341.16,343.3 1 1
github.com/dbos-inc/dbos-transact-golang/dbos/dbos.go:344.2,351.34 4 65
github.com/dbos-inc/dbos-transact-golang/dbos/dbos.go:351.34,353.32 2 0
github.com/dbos-inc/dbos-transact-golang/dbos/dbos.go:353.32,355.24 2 0
github.com/dbos-inc/dbos-transact-golang/dbos/dbos.go:355.24,357.5 1 0
github.com/dbos-inc/dbos-transact-golang/dbos/dbos.go:358.4,358.80 1 0
github.com/dbos-inc/dbos-transact-golang/dbos/dbos.go:360.3,366.17 3 0
github.com/dbos-inc/dbos-transact-golang/dbos/dbos.go:366.17,368.4 1 0
github.com/dbos-inc/dbos-transact-golang/dbos/dbos.go:369.3,370.53 2 0
github.com/dbos-inc/dbos-transact-golang/dbos/dbos.go:373.2,373.26 1 65
github.com/dbos-inc/dbos-transact-golang/dbos/dbos.go:381.38,382.23 1 29
github.com/dbos-inc/dbos-transact-golang/dbos/dbos.go:382.23,384.3 1 0
github.com/dbos-inc/dbos-transact-golang/dbos/dbos.go:387.2,390.26 2 29
github.com/dbos-inc/dbos-transact-golang/dbos/dbos.go:390.26,393.17 3 5
github.com/dbos-inc/dbos-transact-golang/dbos/dbos.go:393.17,396.4 2 0
github.com/dbos-inc/dbos-transact-golang/dbos/dbos.go:397.3,398.30 2 5
github.com/dbos-inc/dbos-transact-golang/dbos/dbos.go:402.2,403.12 2 29
github.com/dbos-inc/dbos-transact-golang/dbos/dbos.go:403.12,405.3 1 29
github.com/dbos-inc/dbos-transact-golang/dbos/dbos.go:406.2,409.32 2 29
github.com/dbos-inc/dbos-transact-golang/dbos/dbos.go:409.32,412.3 2 2
github.com/dbos-inc/dbos-transact-golang/dbos/dbos.go:415.2,415.24 1 29
github.com/dbos-inc/dbos-transact-golang/dbos/dbos.go:415.24,418.3 2 0
github.com/dbos-inc/dbos-transact-golang/dbos/dbos.go:421.2,422.16 2 29
github.com/dbos-inc/dbos-transact-golang/dbos/dbos.go:422.16,424.3 1 0
github.com/dbos-inc/dbos-transact-golang/dbos/dbos.go:425.2,425.30 1 29
github.com/dbos-inc/dbos-transact-golang/dbos/dbos.go:425.30,427.3 1 1
github.com/dbos-inc/dbos-transact-golang/dbos/dbos.go:427.8,429.3 1 28
github.com/dbos-inc/dbos-transact-golang/dbos/dbos.go:431.2,433.12 3 29
github.com/dbos-inc/dbos-transact-golang/dbos/dbos.go:451.55,460.12 5 64
github.com/dbos-inc/dbos-transact-golang/dbos/dbos.go:460.12,463.3 2 64
github.com/dbos-inc/dbos-transact-golang/dbos/dbos.go:464.2,464.9 1 64
github.com/dbos-inc/dbos-transact-golang/dbos/dbos.go:465.14,466.44 1 64
github.com/dbos-inc/dbos-transact-golang/dbos/dbos.go:467.29,468.81 1 0
github.com/dbos-inc/dbos-transact-golang/dbos/dbos.go:472.2,472.47 1 64
github.com/dbos-inc/dbos-transact-golang/dbos/dbos.go:472.47,474.10 2 29
github.com/dbos-inc/dbos-transact-golang/dbos/dbos.go:475.39,476.44 1 29
github.com/dbos-inc/dbos-transact-golang/dbos/dbos.go:477.30,478.85 1 0
github.com/dbos-inc/dbos-transact-golang/dbos/dbos.go:483.2,483.53 1 64
github.com/dbos-inc/dbos-transact-golang/dbos/dbos.go:483.53,487.10 3 2
github.com/dbos-inc/dbos-transact-golang/dbos/dbos.go:488.21,490.29 2 2
github.com/dbos-inc/dbos-transact-golang/dbos/dbos.go:491.30,492.88 1 0
github.com/dbos-inc/dbos-transact-golang/dbos/dbos.go:497.2,497.24 1 64
github.com/dbos-inc/dbos-transact-golang/dbos/dbos.go:497.24,500.3 2 0
github.com/dbos-inc/dbos-transact-golang/dbos/dbos.go:503.2,503.47 1 64
github.com/dbos-inc/dbos-transact-golang/dbos/dbos.go:503.47,506.17 3 5
github.com/dbos-inc/dbos-transact-golang/dbos/dbos.go:506.17,508.4 1 0
github.com/dbos-inc/dbos-transact-golang/dbos/dbos.go:508.9,510.4 1 5
github.com/dbos-inc/dbos-transact-golang/dbos/dbos.go:514.2,514.23 1 64
github.com/dbos-inc/dbos-transact-golang/dbos/dbos.go:514.23,517.3 2 64
github.com/dbos-inc/dbos-transact-golang/dbos/dbos.go:519.2,519.25 1 64
github.com/dbos-inc/dbos-transact-golang/dbos/dbos.go:525.38,527.16 2 59
github.com/dbos-inc/dbos-transact-golang/dbos/dbos.go:527.16,529.3 1 0
github.com/dbos-inc/dbos-transact-golang/dbos/dbos.go:531.2,532.16 2 59
github.com/dbos-inc/dbos-transact-golang/dbos/dbos.go:532.16,534.3 1 0
github.com/dbos-inc/dbos-transact-golang/dbos/dbos.go:536.2,537.16 2 59
github.com/dbos-inc/dbos-transact-golang/dbos/dbos.go:537.16,539.3 1 0
github.com/dbos-inc/dbos-transact-golang/dbos/dbos.go:540.2,540.28 1 59
github.com/dbos-inc/dbos-transact-golang/dbos/dbos.go:540.28,542.3 1 0
github.com/dbos-inc/dbos-transact-golang/dbos/dbos.go:544.2,545.16 2 59
github.com/dbos-inc/dbos-transact-golang/dbos/dbos.go:545.16,547.3 1 0
github.com/dbos-inc/dbos-transact-golang/dbos/dbos.go:548.2,551.49 3 59
github.com/dbos-inc/dbos-transact-golang/dbos/dbos.go:551.49,553.3 1 0
github.com/dbos-inc/dbos-transact-golang/dbos/dbos.go:555.2,555.49 1 59
github.com/dbos-inc/dbos-transact-golang/dbos/dbos.go:558.41,560.16 2 59
github.com/dbos-inc/dbos-transact-golang/dbos/dbos.go:560.16,563.3 2 0
github.com/dbos-inc/dbos-transact-golang/dbos/dbos.go:564.2,564.13 1 59
github.com/dbos-inc/dbos-transact-golang/dbos/dbos.go:568.30,569.43 1 66
github.com/dbos-inc/dbos-transact-golang/dbos/dbos.go:569.43,570.33 1 66
github.com/dbos-inc/dbos-transact-golang/dbos/dbos.go:570.33,571.62 1 0
github.com/dbos-inc/dbos-transact-golang/dbos/dbos.go:571.62,573.5 1 0
github.com/dbos-inc/dbos-transact-golang/dbos/dbos.go:576.3,576.67 1 66
github.com/dbos-inc/dbos-transact-golang/dbos/dbos.go:576.67,578.4 1 66
github.com/dbos-inc/dbos-transact-golang/dbos/dbos.go:580.2,580.18 1 0
github.com/dbos-inc/dbos-transact-golang/dbos/errors.go:47.36,49.2 1 39
github.com/dbos-inc/dbos-transact-golang/dbos/errors.go:51.73,53.19 2 2
github.com/dbos-inc/dbos-transact-golang/dbos/errors.go:53.19,55.3 1 2
github.com/dbos-inc/dbos-transact-golang/dbos/errors.go:56.2,60.3 1 2
github.com/dbos-inc/dbos-transact-golang/dbos/errors.go:63.56,68.2 1 3
github.com/dbos-inc/dbos-transact-golang/dbos/errors.go:70.64,76.2 1 4
github.com/dbos-inc/dbos-transact-golang/dbos/errors.go:78.62,83.2 1 3
github.com/dbos-inc/dbos-transact-golang/dbos/errors.go:85.106,94.2 1 1
github.com/dbos-inc/dbos-transact-golang/dbos/errors.go:96.69,102.2 1 12
github.com/dbos-inc/dbos-transact-golang/dbos/errors.go:104.62,110.2 1 2
github.com/dbos-inc/dbos-transact-golang/dbos/errors.go:112.63,119.2 1 4
github.com/dbos-inc/dbos-transact-golang/dbos/errors.go:121.94,128.2 1 0
github.com/dbos-inc/dbos-transact-golang/dbos/errors.go:130.95,136.2 1 0
github.com/dbos-inc/dbos-transact-golang/dbos/errors.go:138.71,145.2 1 0
github.com/dbos-inc/dbos-transact-golang/dbos/errors.go:147.77,155.2 1 6
github.com/dbos-inc/dbos-transact-golang/dbos/errors.go:157.76,165.2 1 3
github.com/dbos-inc/dbos-transact-golang/dbos/errors.go:167.104,176.2 1 1
github.com/dbos-inc/dbos-transact-golang/dbos/errors.go:178.90,186.2 1 2
github.com/dbos-inc/dbos-transact-golang/dbos/queue.go:45.57,46.32 1 3
github.com/dbos-inc/dbos-transact-golang/dbos/queue.go:46.32,48.3 1 3
github.com/dbos-inc/dbos-transact-golang/dbos/queue.go:53.57,54.32 1 7
github.com/dbos-inc/dbos-transact-golang/dbos/queue.go:54.32,56.3 1 7
github.com/dbos-inc/dbos-transact-golang/dbos/queue.go:61.40,62.32 1 2
github.com/dbos-inc/dbos-transact-golang/dbos/queue.go:62.32,64.3 1 2
github.com/dbos-inc/dbos-transact-golang/dbos/queue.go:69.56,70.32 1 1
github.com/dbos-inc/dbos-transact-golang/dbos/queue.go:70.32,72.3 1 1
github.com/dbos-inc/dbos-transact-golang/dbos/queue.go:77.57,78.32 1 0
github.com/dbos-inc/dbos-transact-golang/dbos/queue.go:78.32,80.3 1 0
github.com/dbos-inc/dbos-transact-golang/dbos/queue.go:100.95,102.9 2 54
github.com/dbos-inc/dbos-transact-golang/dbos/queue.go:102.9,104.3 1 0
github.com/dbos-inc/dbos-transact-golang/dbos/queue.go:105.2,105.25 1 54
github.com/dbos-inc/dbos-transact-golang/dbos/queue.go:105.25,106.66 1 1
github.com/dbos-inc/dbos-transact-golang/dbos/queue.go:108.2,110.70 2 53
github.com/dbos-inc/dbos-transact-golang/dbos/queue.go:110.70,111.47 1 0
github.com/dbos-inc/dbos-transact-golang/dbos/queue.go:115.2,125.33 2 53
github.com/dbos-inc/dbos-transact-golang/dbos/queue.go:125.33,127.3 1 13
github.com/dbos-inc/dbos-transact-golang/dbos/queue.go:130.2,132.10 2 53
github.com/dbos-inc/dbos-transact-golang/dbos/queue.go:154.55,167.2 1 65
github.com/dbos-inc/dbos-transact-golang/dbos/queue.go:169.53,171.49 2 1
github.com/dbos-inc/dbos-transact-golang/dbos/queue.go:171.49,173.3 1 1
github.com/dbos-inc/dbos-transact-golang/dbos/queue.go:174.2,174.15 1 1
github.com/dbos-inc/dbos-transact-golang/dbos/queue.go:177.46,180.6 2 29
github.com/dbos-inc/dbos-transact-golang/dbos/queue.go:180.6,184.58 2 191
github.com/dbos-inc/dbos-transact-golang/dbos/queue.go:184.58,191.18 2 478
github.com/dbos-inc/dbos-transact-golang/dbos/queue.go:191.18,192.47 1 3
github.com/dbos-inc/dbos-transact-golang/dbos/queue.go:192.47,193.24 1 0
github.com/dbos-inc/dbos-transact-golang/dbos/queue.go:194.42,195.29 1 0
github.com/dbos-inc/dbos-transact-golang/dbos/queue.go:196.38,197.29 1 0
github.com/dbos-inc/dbos-transact-golang/dbos/queue.go:199.11,201.6 1 3
github.com/dbos-inc/dbos-transact-golang/dbos/queue.go:202.5,202.13 1 3
github.com/dbos-inc/dbos-transact-golang/dbos/queue.go:205.4,205.34 1 475
github.com/dbos-inc/dbos-transact-golang/dbos/queue.go:205.34,207.5 1 104
github.com/dbos-inc/dbos-transact-golang/dbos/queue.go:208.4,208.47 1 475
github.com/dbos-inc/dbos-transact-golang/dbos/queue.go:208.47,212.12 2 138
github.com/dbos-inc/dbos-transact-golang/dbos/queue.go:212.12,214.14 2 1
github.com/dbos-inc/dbos-transact-golang/dbos/queue.go:217.5,218.16 2 137
github.com/dbos-inc/dbos-transact-golang/dbos/queue.go:218.16,220.14 2 0
github.com/dbos-inc/dbos-transact-golang/dbos/queue.go:222.5,223.12 2 137
github.com/dbos-inc/dbos-transact-golang/dbos/queue.go:223.12,225.14 2 0
github.com/dbos-inc/dbos-transact-golang/dbos/queue.go:229.5,230.32 2 137
github.com/dbos-inc/dbos-transact-golang/dbos/queue.go:230.32,232.20 2 137
github.com/dbos-inc/dbos-transact-golang/dbos/queue.go:232.20,234.15 2 0
github.com/dbos-inc/dbos-transact-golang/dbos/queue.go:236.6,238.47 3 137
github.com/dbos-inc/dbos-transact-golang/dbos/queue.go:238.47,240.15 2 0
github.com/dbos-inc/dbos-transact-golang/dbos/queue.go:244.5,245.19 2 137
github.com/dbos-inc/dbos-transact-golang/dbos/queue.go:245.19,247.6 1 1
github.com/dbos-inc/dbos-transact-golang/dbos/queue.go:252.3,252.22 1 191
github.com/dbos-inc/dbos-transact-golang/dbos/queue.go:252.22,255.4 1 0
github.com/dbos-inc/dbos-transact-golang/dbos/queue.go:255.9,258.4 1 191
github.com/dbos-inc/dbos-transact-golang/dbos/queue.go:261.3,265.10 3 191
github.com/dbos-inc/dbos-transact-golang/dbos/queue.go:266.21,269.10 3 29
github.com/dbos-inc/dbos-transact-golang/dbos/queue.go:270.36,270.36 0 162
github.com/dbos-inc/dbos-transact-golang/dbos/recovery.go:7.101,16.16 3 274
github.com/dbos-inc/dbos-transact-golang/dbos/recovery.go:16.16,18.3 1 0
github.com/dbos-inc/dbos-transact-golang/dbos/recovery.go:20.2,20.44 1 274
github.com/dbos-inc/dbos-transact-golang/dbos/recovery.go:20.44,21.50 1 256
github.com/dbos-inc/dbos-transact-golang/dbos/recovery.go:21.50,22.54 1 243
github.com/dbos-inc/dbos-transact-golang/dbos/recovery.go:22.54,24.13 2 0
github.com/dbos-inc/dbos-transact-golang/dbos/recovery.go:28.3,28.31 1 256
github.com/dbos-inc/dbos-transact-golang/dbos/recovery.go:28.31,30.18 2 18
github.com/dbos-inc/dbos-transact-golang/dbos/recovery.go:30.18,32.13 2 0
github.com/dbos-inc/dbos-transact-golang/dbos/recovery.go:34.4,34.15 1 18
github.com/dbos-inc/dbos-transact-golang/dbos/recovery.go:34.15,36.5 1 18
github.com/dbos-inc/dbos-transact-golang/dbos/recovery.go:37.4,37.12 1 18
github.com/dbos-inc/dbos-transact-golang/dbos/recovery.go:40.3,41.10 2 238
github.com/dbos-inc/dbos-transact-golang/dbos/recovery.go:41.10,43.12 2 0
github.com/dbos-inc/dbos-transact-golang/dbos/recovery.go:46.3,47.14 2 238
github.com/dbos-inc/dbos-transact-golang/dbos/recovery.go:47.14,49.12 2 0
github.com/dbos-inc/dbos-transact-golang/dbos/recovery.go:51.3,52.10 2 238
github.com/dbos-inc/dbos-transact-golang/dbos/recovery.go:52.10,54.12 2 0
github.com/dbos-inc/dbos-transact-golang/dbos/recovery.go:58.3,63.17 3 238
github.com/dbos-inc/dbos-transact-golang/dbos/recovery.go:63.17,65.4 1 1
github.com/dbos-inc/dbos-transact-golang/dbos/recovery.go:66.3,66.52 1 237
github.com/dbos-inc/dbos-transact-golang/dbos/recovery.go:69.2,69.29 1 273
github.com/dbos-inc/dbos-transact-golang/dbos/serialization.go:10.42,12.17 2 10028
github.com/dbos-inc/dbos-transact-golang/dbos/serialization.go:12.17,15.43 3 8996
github.com/dbos-inc/dbos-transact-golang/dbos/serialization.go:15.43,17.4 1 0
github.com/dbos-inc/dbos-transact-golang/dbos/serialization.go:18.3,18.27 1 8996
github.com/dbos-inc/dbos-transact-golang/dbos/serialization.go:20.2,20.59 1 10028
github.com/dbos-inc/dbos-transact-golang/dbos/serialization.go:23.45,24.32 1 2021
github.com/dbos-inc/dbos-transact-golang/dbos/serialization.go:24.32,26.3 1 219
github.com/dbos-inc/dbos-transact-golang/dbos/serialization.go:28.2,29.16 2 1802
github.com/dbos-inc/dbos-transact-golang/dbos/serialization.go:29.16,31.3 1 0
github.com/dbos-inc/dbos-transact-golang/dbos/serialization.go:33.2,36.44 4 1802
github.com/dbos-inc/dbos-transact-golang/dbos/serialization.go:36.44,38.3 1 0
github.com/dbos-inc/dbos-transact-golang/dbos/serialization.go:40.2,40.20 1 1802
github.com/dbos-inc/dbos-transact-golang/dbos/system_database.go:83.100,87.18 3 63
github.com/dbos-inc/dbos-transact-golang/dbos/system_database.go:87.18,89.3 1 0
github.com/dbos-inc/dbos-transact-golang/dbos/system_database.go:92.2,95.16 4 63
github.com/dbos-inc/dbos-transact-golang/dbos/system_database.go:95.16,97.3 1 0
github.com/dbos-inc/dbos-transact-golang/dbos/system_database.go:98.2,104.16 4 63
github.com/dbos-inc/dbos-transact-golang/dbos/system_database.go:104.16,106.3 1 0
github.com/dbos-inc/dbos-transact-golang/dbos/system_database.go:107.2,107.13 1 63
github.com/dbos-inc/dbos-transact-golang/dbos/system_database.go:107.13,110.17 3 43
github.com/dbos-inc/dbos-transact-golang/dbos/system_database.go:110.17,112.4 1 0
github.com/dbos-inc/dbos-transact-golang/dbos/system_database.go:113.3,113.51 1 43
github.com/dbos-inc/dbos-transact-golang/dbos/system_database.go:116.2,116.12 1 63
github.com/dbos-inc/dbos-transact-golang/dbos/system_database.go:146.61,164.16 6 66
github.com/dbos-inc/dbos-transact-golang/dbos/system_database.go:164.16,166.3 1 0
github.com/dbos-inc/dbos-transact-golang/dbos/system_database.go:167.2,173.16 5 66
github.com/dbos-inc/dbos-transact-golang/dbos/system_database.go:173.16,175.3 1 0
github.com/dbos-inc/dbos-transact-golang/dbos/system_database.go:178.2,178.19 1 66
github.com/dbos-inc/dbos-transact-golang/dbos/system_database.go:178.19,181.17 3 46
github.com/dbos-inc/dbos-transact-golang/dbos/system_database.go:181.17,183.4 1 0
github.com/dbos-inc/dbos-transact-golang/dbos/system_database.go:187.2,192.16 3 66
github.com/dbos-inc/dbos-transact-golang/dbos/system_database.go:192.16,194.3 1 0
github.com/dbos-inc/dbos-transact-golang/dbos/system_database.go:197.2,200.40 4 66
github.com/dbos-inc/dbos-transact-golang/dbos/system_database.go:200.40,202.3 1 0
github.com/dbos-inc/dbos-transact-golang/dbos/system_database.go:205.2,205.39 1 66
github.com/dbos-inc/dbos-transact-golang/dbos/system_database.go:205.39,206.42 1 66
github.com/dbos-inc/dbos-transact-golang/dbos/system_database.go:206.42,207.12 1 20
github.com/dbos-inc/dbos-transact-golang/dbos/system_database.go:211.3,212.17 2 46
github.com/dbos-inc/dbos-transact-golang/dbos/system_database.go:212.17,214.4 1 0
github.com/dbos-inc/dbos-transact-golang/dbos/system_database.go:217.3,217.26 1 46
github.com/dbos-inc/dbos-transact-golang/dbos/system_database.go:217.26,221.4 2 46
github.com/dbos-inc/dbos-transact-golang/dbos/system_database.go:221.9,225.4 2 0
github.com/dbos-inc/dbos-transact-golang/dbos/system_database.go:226.3,226.17 1 46
github.com/dbos-inc/dbos-transact-golang/dbos/system_database.go:226.17,228.4 1 0
github.com/dbos-inc/dbos-transact-golang/dbos/system_database.go:230.3,230.37 1 46
github.com/dbos-inc/dbos-transact-golang/dbos/system_database.go:234.2,234.39 1 66
github.com/dbos-inc/dbos-transact-golang/dbos/system_database.go:234.39,236.3 1 0
github.com/dbos-inc/dbos-transact-golang/dbos/system_database.go:238.2,238.12 1 66
github.com/dbos-inc/dbos-transact-golang/dbos/system_database.go:249.100,257.26 5 67
github.com/dbos-inc/dbos-transact-golang/dbos/system_database.go:257.26,259.3 1 0
github.com/dbos-inc/dbos-transact-golang/dbos/system_database.go:262.2,263.23 2 67
github.com/dbos-inc/dbos-transact-golang/dbos/system_database.go:263.23,267.17 3 4
github.com/dbos-inc/dbos-transact-golang/dbos/system_database.go:267.17,269.4 1 1
github.com/dbos-inc/dbos-transact-golang/dbos/system_database.go:270.3,271.17 2 3
github.com/dbos-inc/dbos-transact-golang/dbos/system_database.go:271.17,273.4 1 0
github.com/dbos-inc/dbos-transact-golang/dbos/system_database.go:274.3,275.20 2 3
github.com/dbos-inc/dbos-transact-golang/dbos/system_database.go:276.8,279.17 2 63
github.com/dbos-inc/dbos-transact-golang/dbos/system_database.go:279.17,281.4 1 0
github.com/dbos-inc/dbos-transact-golang/dbos/system_database.go:284.3,294.17 7 63
github.com/dbos-inc/dbos-transact-golang/dbos/system_database.go:294.17,296.4 1 0
github.com/dbos-inc/dbos-transact-golang/dbos/system_database.go:297.3,297.17 1 63
github.com/dbos-inc/dbos-transact-golang/dbos/system_database.go:301.2,302.16 2 66
github.com/dbos-inc/dbos-transact-golang/dbos/system_database.go:302.16,305.3 2 0
github.com/dbos-inc/dbos-transact-golang/dbos/system_database.go:306.2,308.23 2 66
github.com/dbos-inc/dbos-transact-golang/dbos/system_database.go:308.23,310.70 1 63
github.com/dbos-inc/dbos-transact-golang/dbos/system_database.go:310.70,313.4 2 0
github.com/dbos-inc/dbos-transact-golang/dbos/system_database.go:317.2,317.60 1 66
github.com/dbos-inc/dbos-transact-golang/dbos/system_database.go:317.60,318.24 1 0
github.com/dbos-inc/dbos-transact-golang/dbos/system_database.go:318.24,320.4 1 0
github.com/dbos-inc/dbos-transact-golang/dbos/system_database.go:321.3,321.62 1 0
github.com/dbos-inc/dbos-transact-golang/dbos/system_database.go:325.2,325.39 1 66
github.com/dbos-inc/dbos-transact-golang/dbos/system_database.go:325.39,326.24 1 0
github.com/dbos-inc/dbos-transact-golang/dbos/system_database.go:326.24,328.4 1 0
github.com/dbos-inc/dbos-transact-golang/dbos/system_database.go:329.3,329.61 1 0
github.com/dbos-inc/dbos-transact-golang/dbos/system_database.go:333.2,341.8 2 66
github.com/dbos-inc/dbos-transact-golang/dbos/system_database.go:344.45,348.2 2 30
github.com/dbos-inc/dbos-transact-golang/dbos/system_database.go:350.70,353.16 2 69
github.com/dbos-inc/dbos-transact-golang/dbos/system_database.go:353.16,356.10 1 30
github.com/dbos-inc/dbos-transact-golang/dbos/system_database.go:357.33,357.33 0 30
github.com/dbos-inc/dbos-transact-golang/dbos/system_database.go:358.30,359.90 1 0
github.com/dbos-inc/dbos-transact-golang/dbos/system_database.go:363.2,363.19 1 69
github.com/dbos-inc/dbos-transact-golang/dbos/system_database.go:363.19,365.13 2 69
github.com/dbos-inc/dbos-transact-golang/dbos/system_database.go:365.13,369.4 2 69
github.com/dbos-inc/dbos-transact-golang/dbos/system_database.go:370.3,370.10 1 69
github.com/dbos-inc/dbos-transact-golang/dbos/system_database.go:371.20,371.20 0 69
github.com/dbos-inc/dbos-transact-golang/dbos/system_database.go:372.30,373.94 1 0
github.com/dbos-inc/dbos-transact-golang/dbos/system_database.go:377.2,379.20 2 69
github.com/dbos-inc/dbos-transact-golang/dbos/system_database.go:401.125,402.21 1 3228
github.com/dbos-inc/dbos-transact-golang/dbos/system_database.go:402.21,404.3 1 0
github.com/dbos-inc/dbos-transact-golang/dbos/system_database.go:407.2,408.51 2 3228
github.com/dbos-inc/dbos-transact-golang/dbos/system_database.go:408.51,410.3 1 142
github.com/dbos-inc/dbos-transact-golang/dbos/system_database.go:412.2,413.38 2 3228
github.com/dbos-inc/dbos-transact-golang/dbos/system_database.go:413.38,415.3 1 0
github.com/dbos-inc/dbos-transact-golang/dbos/system_database.go:417.2,418.37 2 3228
github.com/dbos-inc/dbos-transact-golang/dbos/system_database.go:418.37,421.3 2 13
github.com/dbos-inc/dbos-transact-golang/dbos/system_database.go:423.2,424.30 2 3228
github.com/dbos-inc/dbos-transact-golang/dbos/system_database.go:424.30,427.3 2 18
github.com/dbos-inc/dbos-transact-golang/dbos/system_database.go:429.2,430.16 2 3228
github.com/dbos-inc/dbos-transact-golang/dbos/system_database.go:430.16,432.3 1 0
github.com/dbos-inc/dbos-transact-golang/dbos/system_database.go:435.2,436.46 2 3228
github.com/dbos-inc/dbos-transact-golang/dbos/system_database.go:436.46,438.3 1 3228
github.com/dbos-inc/dbos-transact-golang/dbos/system_database.go:440.2,441.43 2 3228
github.com/dbos-inc/dbos-transact-golang/dbos/system_database.go:441.43,443.3 1 8
github.com/dbos-inc/dbos-transact-golang/dbos/system_database.go:445.2,510.16 6 3228
github.com/dbos-inc/dbos-transact-golang/dbos/system_database.go:510.16,512.89 1 2
github.com/dbos-inc/dbos-transact-golang/dbos/system_database.go:512.89,518.4 1 2
github.com/dbos-inc/dbos-transact-golang/dbos/system_database.go:519.3,519.70 1 0
github.com/dbos-inc/dbos-transact-golang/dbos/system_database.go:523.2,523.52 1 3226
github.com/dbos-inc/dbos-transact-golang/dbos/system_database.go:523.52,525.3 1 27
github.com/dbos-inc/dbos-transact-golang/dbos/system_database.go:528.2,528.36 1 3226
github.com/dbos-inc/dbos-transact-golang/dbos/system_database.go:528.36,530.3 1 22
github.com/dbos-inc/dbos-transact-golang/dbos/system_database.go:532.2,532.68 1 3226
github.com/dbos-inc/dbos-transact-golang/dbos/system_database.go:532.68,534.3 1 1
github.com/dbos-inc/dbos-transact-golang/dbos/system_database.go:535.2,535.111 1 3225
github.com/dbos-inc/dbos-transact-golang/dbos/system_database.go:535.111,537.3 1 1
github.com/dbos-inc/dbos-transact-golang/dbos/system_database.go:541.2,542.64 1 3224
github.com/dbos-inc/dbos-transact-golang/dbos/system_database.go:542.64,554.17 3 3
github.com/dbos-inc/dbos-transact-golang/dbos/system_database.go:554.17,556.4 1 0
github.com/dbos-inc/dbos-transact-golang/dbos/system_database.go:559.3,559.46 1 3
github.com/dbos-inc/dbos-transact-golang/dbos/system_database.go:559.46,561.4 1 0
github.com/dbos-inc/dbos-transact-golang/dbos/system_database.go:563.3,563.73 1 3
github.com/dbos-inc/dbos-transact-golang/dbos/system_database.go:566.2,566.21 1 3221
github.com/dbos-inc/dbos-transact-golang/dbos/system_database.go:591.106,602.22 3 481
github.com/dbos-inc/dbos-transact-golang/dbos/system_database.go:602.22,604.3 1 47
github.com/dbos-inc/dbos-transact-golang/dbos/system_database.go:605.2,605.21 1 481
github.com/dbos-inc/dbos-transact-golang/dbos/system_database.go:605.21,607.3 1 329
github.com/dbos-inc/dbos-transact-golang/dbos/system_database.go:609.2,612.30 2 481
github.com/dbos-inc/dbos-transact-golang/dbos/system_database.go:612.30,614.3 1 1
github.com/dbos-inc/dbos-transact-golang/dbos/system_database.go:615.2,615.27 1 481
github.com/dbos-inc/dbos-transact-golang/dbos/system_database.go:615.27,617.3 1 6
github.com/dbos-inc/dbos-transact-golang/dbos/system_database.go:618.2,618.22 1 481
github.com/dbos-inc/dbos-transact-golang/dbos/system_database.go:618.22,620.3 1 5
github.com/dbos-inc/dbos-transact-golang/dbos/system_database.go:621.2,621.34 1 481
github.com/dbos-inc/dbos-transact-golang/dbos/system_database.go:621.34,623.3 1 10
github.com/dbos-inc/dbos-transact-golang/dbos/system_database.go:624.2,624.32 1 481
github.com/dbos-inc/dbos-transact-golang/dbos/system_database.go:624.32,626.3 1 169
github.com/dbos-inc/dbos-transact-golang/dbos/system_database.go:627.2,627.35 1 481
github.com/dbos-inc/dbos-transact-golang/dbos/system_database.go:627.35,629.3 1 1
github.com/dbos-inc/dbos-transact-golang/dbos/system_database.go:630.2,630.31 1 481
github.com/dbos-inc/dbos-transact-golang/dbos/system_database.go:630.31,632.3 1 4
github.com/dbos-inc/dbos-transact-golang/dbos/system_database.go:633.2,633.29 1 481
github.com/dbos-inc/dbos-transact-golang/dbos/system_database.go:633.29,635.3 1 4
github.com/dbos-inc/dbos-transact-golang/dbos/system_database.go:636.2,636.27 1 481
github.com/dbos-inc/dbos-transact-golang/dbos/system_database.go:636.27,638.3 1 283
github.com/dbos-inc/dbos-transact-golang/dbos/system_database.go:639.2,639.36 1 481
github.com/dbos-inc/dbos-transact-golang/dbos/system_database.go:639.36,641.3 1 275
github.com/dbos-inc/dbos-transact-golang/dbos/system_database.go:642.2,642.32 1 481
github.com/dbos-inc/dbos-transact-golang/dbos/system_database.go:642.32,644.3 1 274
github.com/dbos-inc/dbos-transact-golang/dbos/system_database.go:647.2,648.30 2 481
github.com/dbos-inc/dbos-transact-golang/dbos/system_database.go:648.30,650.3 1 464
github.com/dbos-inc/dbos-transact-golang/dbos/system_database.go:650.8,652.3 1 17
github.com/dbos-inc/dbos-transact-golang/dbos/system_database.go:655.2,655.20 1 481
github.com/dbos-inc/dbos-transact-golang/dbos/system_database.go:655.20,657.3 1 5
github.com/dbos-inc/dbos-transact-golang/dbos/system_database.go:657.8,659.3 1 476
github.com/dbos-inc/dbos-transact-golang/dbos/system_database.go:662.2,662.24 1 481
github.com/dbos-inc/dbos-transact-golang/dbos/system_database.go:662.24,666.3 3 8
github.com/dbos-inc/dbos-transact-golang/dbos/system_database.go:668.2,668.25 1 481
github.com/dbos-inc/dbos-transact-golang/dbos/system_database.go:668.25,672.3 3 2
github.com/dbos-inc/dbos-transact-golang/dbos/system_database.go:675.2,678.21 3 481
github.com/dbos-inc/dbos-transact-golang/dbos/system_database.go:678.21,680.3 1 42
github.com/dbos-inc/dbos-transact-golang/dbos/system_database.go:680.8,682.3 1 439
github.com/dbos-inc/dbos-transact-golang/dbos/system_database.go:684.2,684.16 1 481
github.com/dbos-inc/dbos-transact-golang/dbos/system_database.go:684.16,686.3 1 1
github.com/dbos-inc/dbos-transact-golang/dbos/system_database.go:687.2,690.18 3 480
github.com/dbos-inc/dbos-transact-golang/dbos/system_database.go:690.18,711.23 12 600
github.com/dbos-inc/dbos-transact-golang/dbos/system_database.go:711.23,713.4 1 55
github.com/dbos-inc/dbos-transact-golang/dbos/system_database.go:714.3,714.22 1 600
github.com/dbos-inc/dbos-transact-golang/dbos/system_database.go:714.22,716.4 1 318
github.com/dbos-inc/dbos-transact-golang/dbos/system_database.go:718.3,719.17 2 600
github.com/dbos-inc/dbos-transact-golang/dbos/system_database.go:719.17,721.4 1 0
github.com/dbos-inc/dbos-transact-golang/dbos/system_database.go:723.3,723.46 1 600
github.com/dbos-inc/dbos-transact-golang/dbos/system_database.go:723.46,725.4 1 212
github.com/dbos-inc/dbos-transact-golang/dbos/system_database.go:727.3,727.48 1 600
github.com/dbos-inc/dbos-transact-golang/dbos/system_database.go:727.48,729.4 1 598
github.com/dbos-inc/dbos-transact-golang/dbos/system_database.go:731.3,731.64 1 600
github.com/dbos-inc/dbos-transact-golang/dbos/system_database.go:731.64,733.4 1 600
github.com/dbos-inc/dbos-transact-golang/dbos/system_database.go:735.3,735.58 1 600
github.com/dbos-inc/dbos-transact-golang/dbos/system_database.go:735.58,737.4 1 0
github.com/dbos-inc/dbos-transact-golang/dbos/system_database.go:740.3,744.41 3 600
github.com/dbos-inc/dbos-transact-golang/dbos/system_database.go:744.41,746.4 1 61
github.com/dbos-inc/dbos-transact-golang/dbos/system_database.go:749.3,749.24 1 600
github.com/dbos-inc/dbos-transact-golang/dbos/system_database.go:749.24,751.4 1 42
github.com/dbos-inc/dbos-transact-golang/dbos/system_database.go:754.3,754.25 1 600
github.com/dbos-inc/dbos-transact-golang/dbos/system_database.go:754.25,756.4 1 150
github.com/dbos-inc/dbos-transact-golang/dbos/system_database.go:759.3,759.23 1 600
github.com/dbos-inc/dbos-transact-golang/dbos/system_database.go:759.23,761.42 1 55
github.com/dbos-inc/dbos-transact-golang/dbos/system_database.go:761.42,763.5 1 2
github.com/dbos-inc/dbos-transact-golang/dbos/system_database.go:765.4,766.18 2 55
github.com/dbos-inc/dbos-transact-golang/dbos/system_database.go:766.18,768.5 1 0
github.com/dbos-inc/dbos-transact-golang/dbos/system_database.go:772.3,772.22 1 600
github.com/dbos-inc/dbos-transact-golang/dbos/system_database.go:772.22,774.18 2 318
github.com/dbos-inc/dbos-transact-golang/dbos/system_database.go:774.18,776.5 1 0
github.com/dbos-inc/dbos-transact-golang/dbos/system_database.go:779.3,779.36 1 600
github.com/dbos-inc/dbos-transact-golang/dbos/system_database.go:782.2,782.35 1 480
github.com/dbos-inc/dbos-transact-golang/dbos/system_database.go:782.35,784.3 1 0
github.com/dbos-inc/dbos-transact-golang/dbos/system_database.go:786.2,786.23 1 480
github.com/dbos-inc/dbos-transact-golang/dbos/system_database.go:799.102,805.16 3 3036
github.com/dbos-inc/dbos-transact-golang/dbos/system_database.go:805.16,807.3 1 0
github.com/dbos-inc/dbos-transact-golang/dbos/system_database.go:809.2,810.22 2 3036
github.com/dbos-inc/dbos-transact-golang/dbos/system_database.go:810.22,812.3 1 27
github.com/dbos-inc/dbos-transact-golang/dbos/system_database.go:814.2,814.21 1 3036
github.com/dbos-inc/dbos-transact-golang/dbos/system_database.go:814.21,816.3 1 0
github.com/dbos-inc/dbos-transact-golang/dbos/system_database.go:816.8,818.3 1 3036
github.com/dbos-inc/dbos-transact-golang/dbos/system_database.go:820.2,820.16 1 3036
github.com/dbos-inc/dbos-transact-golang/dbos/system_database.go:820.16,822.3 1 0
github.com/dbos-inc/dbos-transact-golang/dbos/system_database.go:823.2,823.12 1 3036
github.com/dbos-inc/dbos-transact-golang/dbos/system_database.go:826.78,828.16 2 28
github.com/dbos-inc/dbos-transact-golang/dbos/system_database.go:828.16,830.3 1 0
github.com/dbos-inc/dbos-transact-golang/dbos/system_database.go:831.2,841.16 4 28
github.com/dbos-inc/dbos-transact-golang/dbos/system_database.go:841.16,843.3 1 0
github.com/dbos-inc/dbos-transact-golang/dbos/system_database.go:844.2,844.19 1 28
github.com/dbos-inc/dbos-transact-golang/dbos/system_database.go:844.19,846.3 1 1
github.com/dbos-inc/dbos-transact-golang/dbos/system_database.go:848.2,849.19 2 27
github.com/dbos-inc/dbos-transact-golang/dbos/system_database.go:850.75,852.42 1 1
github.com/dbos-inc/dbos-transact-golang/dbos/system_database.go:852.42,854.4 1 0
github.com/dbos-inc/dbos-transact-golang/dbos/system_database.go:855.3,855.13 1 1
github.com/dbos-inc/dbos-transact-golang/dbos/system_database.go:859.2,864.16 3 26
github.com/dbos-inc/dbos-transact-golang/dbos/system_database.go:864.16,866.3 1 0
github.com/dbos-inc/dbos-transact-golang/dbos/system_database.go:868.2,868.39 1 26
github.com/dbos-inc/dbos-transact-golang/dbos/system_database.go:868.39,870.3 1 0
github.com/dbos-inc/dbos-transact-golang/dbos/system_database.go:872.2,872.12 1 26
github.com/dbos-inc/dbos-transact-golang/dbos/system_database.go:875.82,883.16 3 1
github.com/dbos-inc/dbos-transact-golang/dbos/system_database.go:883.16,885.3 1 0
github.com/dbos-inc/dbos-transact-golang/dbos/system_database.go:888.2,888.37 1 1
github.com/dbos-inc/dbos-transact-golang/dbos/system_database.go:888.37,889.60 1 4
github.com/dbos-inc/dbos-transact-golang/dbos/system_database.go:889.60,893.4 1 0
github.com/dbos-inc/dbos-transact-golang/dbos/system_database.go:895.2,895.12 1 1
github.com/dbos-inc/dbos-transact-golang/dbos/system_database.go:903.104,905.61 1 9
github.com/dbos-inc/dbos-transact-golang/dbos/system_database.go:905.61,907.3 1 0
github.com/dbos-inc/dbos-transact-golang/dbos/system_database.go:909.2,912.32 2 9
github.com/dbos-inc/dbos-transact-golang/dbos/system_database.go:912.32,920.41 4 5
github.com/dbos-inc/dbos-transact-golang/dbos/system_database.go:920.41,922.4 1 0
github.com/dbos-inc/dbos-transact-golang/dbos/system_database.go:926.3,926.118 1 5
github.com/dbos-inc/dbos-transact-golang/dbos/system_database.go:926.118,928.4 1 3
github.com/dbos-inc/dbos-transact-golang/dbos/system_database.go:932.2,932.28 1 9
github.com/dbos-inc/dbos-transact-golang/dbos/system_database.go:932.28,934.3 1 1
github.com/dbos-inc/dbos-transact-golang/dbos/system_database.go:937.2,946.16 3 8
github.com/dbos-inc/dbos-transact-golang/dbos/system_database.go:946.16,948.3 1 0
github.com/dbos-inc/dbos-transact-golang/dbos/system_database.go:950.2,954.12 2 8
github.com/dbos-inc/dbos-transact-golang/dbos/system_database.go:957.78,959.16 2 6
github.com/dbos-inc/dbos-transact-golang/dbos/system_database.go:959.16,961.3 1 0
github.com/dbos-inc/dbos-transact-golang/dbos/system_database.go:962.2,966.16 3 6
github.com/dbos-inc/dbos-transact-golang/dbos/system_database.go:966.16,968.3 1 0
github.com/dbos-inc/dbos-transact-golang/dbos/system_database.go:971.2,978.16 3 6
github.com/dbos-inc/dbos-transact-golang/dbos/system_database.go:978.16,981.3 2 0
github.com/dbos-inc/dbos-transact-golang/dbos/system_database.go:982.2,982.19 1 6
github.com/dbos-inc/dbos-transact-golang/dbos/system_database.go:982.19,984.3 1 1
github.com/dbos-inc/dbos-transact-golang/dbos/system_database.go:986.2,987.76 2 5
github.com/dbos-inc/dbos-transact-golang/dbos/system_database.go:987.76,989.3 1 1
github.com/dbos-inc/dbos-transact-golang/dbos/system_database.go:992.2,1004.16 3 4
github.com/dbos-inc/dbos-transact-golang/dbos/system_database.go:1004.16,1006.3 1 0
github.com/dbos-inc/dbos-transact-golang/dbos/system_database.go:1008.2,1008.39 1 4
github.com/dbos-inc/dbos-transact-golang/dbos/system_database.go:1008.39,1010.3 1 0
github.com/dbos-inc/dbos-transact-golang/dbos/system_database.go:1012.2,1012.12 1 4
github.com/dbos-inc/dbos-transact-golang/dbos/system_database.go:1022.94,1025.28 2 8
github.com/dbos-inc/dbos-transact-golang/dbos/system_database.go:1025.28,1027.3 1 2
github.com/dbos-inc/dbos-transact-golang/dbos/system_database.go:1030.2,1030.25 1 8
github.com/dbos-inc/dbos-transact-golang/dbos/system_database.go:1030.25,1032.3 1 0
github.com/dbos-inc/dbos-transact-golang/dbos/system_database.go:1034.2,1035.16 2 8
github.com/dbos-inc/dbos-transact-golang/dbos/system_database.go:1035.16,1037.3 1 0
github.com/dbos-inc/dbos-transact-golang/dbos/system_database.go:1038.2,1047.16 4 8
github.com/dbos-inc/dbos-transact-golang/dbos/system_database.go:1047.16,1049.3 1 0
github.com/dbos-inc/dbos-transact-golang/dbos/system_database.go:1050.2,1050.19 1 8
github.com/dbos-inc/dbos-transact-golang/dbos/system_database.go:1050.19,1052.3 1 1
github.com/dbos-inc/dbos-transact-golang/dbos/system_database.go:1054.2,1058.36 3 7
github.com/dbos-inc/dbos-transact-golang/dbos/system_database.go:1058.36,1060.3 1 0
github.com/dbos-inc/dbos-transact-golang/dbos/system_database.go:1063.2,1080.16 3 7
github.com/dbos-inc/dbos-transact-golang/dbos/system_database.go:1080.16,1082.3 1 0
github.com/dbos-inc/dbos-transact-golang/dbos/system_database.go:1084.2,1099.16 2 7
github.com/dbos-inc/dbos-transact-golang/dbos/system_database.go:1099.16,1101.3 1 0
github.com/dbos-inc/dbos-transact-golang/dbos/system_database.go:1104.2,1104.25 1 7
github.com/dbos-inc/dbos-transact-golang/dbos/system_database.go:1104.25,1112.17 3 5
github.com/dbos-inc/dbos-transact-golang/dbos/system_database.go:1112.17,1114.4 1 0
github.com/dbos-inc/dbos-transact-golang/dbos/system_database.go:1117.2,1117.39 1 7
github.com/dbos-inc/dbos-transact-golang/dbos/system_database.go:1117.39,1119.3 1 0
github.com/dbos-inc/dbos-transact-golang/dbos/system_database.go:1121.2,1121.30 1 7
github.com/dbos-inc/dbos-transact-golang/dbos/system_database.go:1124.90,1127.6 3 350
github.com/dbos-inc/dbos-transact-golang/dbos/system_database.go:1127.6,1128.10 1 479
github.com/dbos-inc/dbos-transact-golang/dbos/system_database.go:1129.21,1130.25 1 0
github.com/dbos-inc/dbos-transact-golang/dbos/system_database.go:1131.11,1131.11 0 479
github.com/dbos-inc/dbos-transact-golang/dbos/system_database.go:1134.3,1138.17 5 479
github.com/dbos-inc/dbos-transact-golang/dbos/system_database.go:1138.17,1139.28 1 0
github.com/dbos-inc/dbos-transact-golang/dbos/system_database.go:1139.28,1141.13 2 0
github.com/dbos-inc/dbos-transact-golang/dbos/system_database.go:1143.4,1143.70 1 0
github.com/dbos-inc/dbos-transact-golang/dbos/system_database.go:1147.3,1148.17 2 479
github.com/dbos-inc/dbos-transact-golang/dbos/system_database.go:1148.17,1150.4 1 0
github.com/dbos-inc/dbos-transact-golang/dbos/system_database.go:1152.3,1152.17 1 479
github.com/dbos-inc/dbos-transact-golang/dbos/system_database.go:1153.51,1154.46 1 338
github.com/dbos-inc/dbos-transact-golang/dbos/system_database.go:1154.46,1156.5 1 335
github.com/dbos-inc/dbos-transact-golang/dbos/system_database.go:1157.4,1157.40 1 3
github.com/dbos-inc/dbos-transact-golang/dbos/system_database.go:1158.32,1159.63 1 12
github.com/dbos-inc/dbos-transact-golang/dbos/system_database.go:1160.11,1161.34 1 129
github.com/dbos-inc/dbos-transact-golang/dbos/system_database.go:1175.102,1182.22 3 2680
github.com/dbos-inc/dbos-transact-golang/dbos/system_database.go:1182.22,1185.3 2 8
github.com/dbos-inc/dbos-transact-golang/dbos/system_database.go:1187.2,1188.16 2 2680
github.com/dbos-inc/dbos-transact-golang/dbos/system_database.go:1188.16,1190.3 1 0
github.com/dbos-inc/dbos-transact-golang/dbos/system_database.go:1192.2,1192.21 1 2680
github.com/dbos-inc/dbos-transact-golang/dbos/system_database.go:1192.21,1200.3 1 1539
github.com/dbos-inc/dbos-transact-golang/dbos/system_database.go:1200.8,1208.3 1 1141
github.com/dbos-inc/dbos-transact-golang/dbos/system_database.go:1210.2,1210.16 1 2680
github.com/dbos-inc/dbos-transact-golang/dbos/system_database.go:1210.16,1212.89 2 0
github.com/dbos-inc/dbos-transact-golang/dbos/system_database.go:1212.89,1214.4 1 0
github.com/dbos-inc/dbos-transact-golang/dbos/system_database.go:1215.3,1215.13 1 0
github.com/dbos-inc/dbos-transact-golang/dbos/system_database.go:1218.2,1218.12 1 2680
github.com/dbos-inc/dbos-transact-golang/dbos/system_database.go:1233.98,1241.21 4 43
github.com/dbos-inc/dbos-transact-golang/dbos/system_database.go:1241.21,1248.3 1 43
github.com/dbos-inc/dbos-transact-golang/dbos/system_database.go:1248.8,1255.3 1 0
github.com/dbos-inc/dbos-transact-golang/dbos/system_database.go:1257.2,1257.16 1 43
github.com/dbos-inc/dbos-transact-golang/dbos/system_database.go:1257.16,1259.89 1 0
github.com/dbos-inc/dbos-transact-golang/dbos/system_database.go:1259.89,1263.4 1 0
github.com/dbos-inc/dbos-transact-golang/dbos/system_database.go:1264.3,1264.64 1 0
github.com/dbos-inc/dbos-transact-golang/dbos/system_database.go:1267.2,1267.36 1 43
github.com/dbos-inc/dbos-transact-golang/dbos/system_database.go:1267.36,1269.3 1 0
github.com/dbos-inc/dbos-transact-golang/dbos/system_database.go:1271.2,1271.12 1 43
github.com/dbos-inc/dbos-transact-golang/dbos/system_database.go:1274.109,1281.16 4 55
github.com/dbos-inc/dbos-transact-golang/dbos/system_database.go:1281.16,1282.27 1 43
github.com/dbos-inc/dbos-transact-golang/dbos/system_database.go:1282.27,1284.4 1 43
github.com/dbos-inc/dbos-transact-golang/dbos/system_database.go:1285.3,1285.68 1 0
github.com/dbos-inc/dbos-transact-golang/dbos/system_database.go:1288.2,1288.29 1 12
github.com/dbos-inc/dbos-transact-golang/dbos/system_database.go:1299.100,1306.22 3 52
github.com/dbos-inc/dbos-transact-golang/dbos/system_database.go:1306.22,1309.3 2 2
github.com/dbos-inc/dbos-transact-golang/dbos/system_database.go:1311.2,1319.16 2 52
github.com/dbos-inc/dbos-transact-golang/dbos/system_database.go:1319.16,1321.3 1 0
github.com/dbos-inc/dbos-transact-golang/dbos/system_database.go:1322.2,1322.12 1 52
github.com/dbos-inc/dbos-transact-golang/dbos/system_database.go:1341.125,1346.21 3 2721
github.com/dbos-inc/dbos-transact-golang/dbos/system_database.go:1346.21,1348.3 1 1022
github.com/dbos-inc/dbos-transact-golang/dbos/system_database.go:1348.8,1350.17 2 1699
github.com/dbos-inc/dbos-transact-golang/dbos/system_database.go:1350.17,1352.4 1 0
github.com/dbos-inc/dbos-transact-golang/dbos/system_database.go:1353.3,1353.25 1 1699
github.com/dbos-inc/dbos-transact-golang/dbos/system_database.go:1357.2,1368.16 5 2721
[...]
github.com/dbos-inc/dbos-transact-golang/dbos/workflow.go:668.22,671.4 2 48
github.com/dbos-inc/dbos-transact-golang/dbos/workflow.go:671.9,673.4 1 1659
github.com/dbos-inc/dbos-transact-golang/dbos/workflow.go:674.8,676.3 1 1509
github.com/dbos-inc/dbos-transact-golang/dbos/workflow.go:680.2,683.21 2 3216
github.com/dbos-inc/dbos-transact-golang/dbos/workflow.go:683.21,685.17 2 55
github.com/dbos-inc/dbos-transact-golang/dbos/workflow.go:685.17,687.4 1 0
github.com/dbos-inc/dbos-transact-golang/dbos/workflow.go:688.3,688.29 1 55
github.com/dbos-inc/dbos-transact-golang/dbos/workflow.go:688.29,690.4 1 12
github.com/dbos-inc/dbos-transact-golang/dbos/workflow.go:693.2,694.28 2 3204
github.com/dbos-inc/dbos-transact-golang/dbos/workflow.go:694.28,696.3 1 118
github.com/dbos-inc/dbos-transact-golang/dbos/workflow.go:696.8,698.3 1 3086
github.com/dbos-inc/dbos-transact-golang/dbos/workflow.go:701.2,702.9 2 3204
github.com/dbos-inc/dbos-transact-golang/dbos/workflow.go:702.9,704.3 1 3188
github.com/dbos-inc/dbos-transact-golang/dbos/workflow.go:705.2,706.24 2 3204
github.com/dbos-inc/dbos-transact-golang/dbos/workflow.go:706.24,709.18 2 16
github.com/dbos-inc/dbos-transact-golang/dbos/workflow.go:709.18,711.4 1 2
github.com/dbos-inc/dbos-transact-golang/dbos/workflow.go:714.2,714.38 1 3204
github.com/dbos-inc/dbos-transact-golang/dbos/workflow.go:714.38,716.3 1 118
github.com/dbos-inc/dbos-transact-golang/dbos/workflow.go:718.2,718.41 1 3204
github.com/dbos-inc/dbos-transact-golang/dbos/workflow.go:718.41,720.3 1 0
github.com/dbos-inc/dbos-transact-golang/dbos/workflow.go:721.2,739.16 3 3204
github.com/dbos-inc/dbos-transact-golang/dbos/workflow.go:739.16,741.3 1 0
github.com/dbos-inc/dbos-transact-golang/dbos/workflow.go:742.2,751.16 4 3204
github.com/dbos-inc/dbos-transact-golang/dbos/workflow.go:751.16,754.3 2 6
github.com/dbos-inc/dbos-transact-golang/dbos/workflow.go:757.2,757.21 1 3198
github.com/dbos-inc/dbos-transact-golang/dbos/workflow.go:757.21,767.17 3 43
github.com/dbos-inc/dbos-transact-golang/dbos/workflow.go:767.17,770.4 2 0
github.com/dbos-inc/dbos-transact-golang/dbos/workflow.go:774.2,774.137 1 3198
github.com/dbos-inc/dbos-transact-golang/dbos/workflow.go:774.137,776.53 1 158
github.com/dbos-inc/dbos-transact-golang/dbos/workflow.go:776.53,778.4 1 0
github.com/dbos-inc/dbos-transact-golang/dbos/workflow.go:779.3,779.81 1 158
github.com/dbos-inc/dbos-transact-golang/dbos/workflow.go:785.2,798.84 5 3040
github.com/dbos-inc/dbos-transact-golang/dbos/workflow.go:798.84,800.3 1 0
github.com/dbos-inc/dbos-transact-golang/dbos/workflow.go:800.8,800.58 1 3040
github.com/dbos-inc/dbos-transact-golang/dbos/workflow.go:800.58,802.3 1 20
github.com/dbos-inc/dbos-transact-golang/dbos/workflow.go:804.2,806.31 3 3040
github.com/dbos-inc/dbos-transact-golang/dbos/workflow.go:806.31,809.32 2 20
github.com/dbos-inc/dbos-transact-golang/dbos/workflow.go:809.32,812.18 3 18
github.com/dbos-inc/dbos-transact-golang/dbos/workflow.go:812.18,814.5 1 0
github.com/dbos-inc/dbos-transact-golang/dbos/workflow.go:815.4,815.30 1 18
github.com/dbos-inc/dbos-transact-golang/dbos/workflow.go:817.3,817.64 1 20
github.com/dbos-inc/dbos-transact-golang/dbos/workflow.go:821.2,821.52 1 3040
github.com/dbos-inc/dbos-transact-golang/dbos/workflow.go:821.52,823.3 1 0
github.com/dbos-inc/dbos-transact-golang/dbos/workflow.go:826.2,827.12 2 3040
github.com/dbos-inc/dbos-transact-golang/dbos/workflow.go:827.12,837.69 6 3040
github.com/dbos-inc/dbos-transact-golang/dbos/workflow.go:837.69,840.4 2 4
github.com/dbos-inc/dbos-transact-golang/dbos/workflow.go:840.9,844.18 2 3036
github.com/dbos-inc/dbos-transact-golang/dbos/workflow.go:844.18,846.5 1 27
github.com/dbos-inc/dbos-transact-golang/dbos/workflow.go:849.4,849.38 1 3036
github.com/dbos-inc/dbos-transact-golang/dbos/workflow.go:849.38,853.5 3 18
github.com/dbos-inc/dbos-transact-golang/dbos/workflow.go:855.4,861.24 2 3036
github.com/dbos-inc/dbos-transact-golang/dbos/workflow.go:861.24,866.5 4 0
github.com/dbos-inc/dbos-transact-golang/dbos/workflow.go:868.3,869.21 2 3040
github.com/dbos-inc/dbos-transact-golang/dbos/workflow.go:872.2,872.74 1 3040
github.com/dbos-inc/dbos-transact-golang/dbos/workflow.go:895.40,896.29 1 630
github.com/dbos-inc/dbos-transact-golang/dbos/workflow.go:896.29,898.3 1 630
github.com/dbos-inc/dbos-transact-golang/dbos/workflow.go:899.2,899.28 1 630
github.com/dbos-inc/dbos-transact-golang/dbos/workflow.go:899.28,901.3 1 629
github.com/dbos-inc/dbos-transact-golang/dbos/workflow.go:902.2,902.27 1 630
github.com/dbos-inc/dbos-transact-golang/dbos/workflow.go:902.27,904.3 1 629
github.com/dbos-inc/dbos-transact-golang/dbos/workflow.go:912.43,913.33 1 671
github.com/dbos-inc/dbos-transact-golang/dbos/workflow.go:913.33,914.26 1 671
github.com/dbos-inc/dbos-transact-golang/dbos/workflow.go:914.26,916.4 1 630
github.com/dbos-inc/dbos-transact-golang/dbos/workflow.go:922.52,923.33 1 1
github.com/dbos-inc/dbos-transact-golang/dbos/workflow.go:923.33,925.3 1 1
github.com/dbos-inc/dbos-transact-golang/dbos/workflow.go:931.51,932.33 1 0
github.com/dbos-inc/dbos-transact-golang/dbos/workflow.go:932.33,934.3 1 0
github.com/dbos-inc/dbos-transact-golang/dbos/workflow.go:939.58,940.33 1 1
github.com/dbos-inc/dbos-transact-golang/dbos/workflow.go:940.33,942.3 1 1
github.com/dbos-inc/dbos-transact-golang/dbos/workflow.go:947.57,948.33 1 1
github.com/dbos-inc/dbos-transact-golang/dbos/workflow.go:948.33,950.3 1 1
github.com/dbos-inc/dbos-transact-golang/dbos/workflow.go:993.83,994.16 1 630
github.com/dbos-inc/dbos-transact-golang/dbos/workflow.go:994.16,996.3 1 0
github.com/dbos-inc/dbos-transact-golang/dbos/workflow.go:998.2,998.15 1 630
github.com/dbos-inc/dbos-transact-golang/dbos/workflow.go:998.15,1000.3 1 0
github.com/dbos-inc/dbos-transact-golang/dbos/workflow.go:1003.2,1007.66 3 630
github.com/dbos-inc/dbos-transact-golang/dbos/workflow.go:1007.66,1007.84 1 615
github.com/dbos-inc/dbos-transact-golang/dbos/workflow.go:1009.2,1011.19 2 630
github.com/dbos-inc/dbos-transact-golang/dbos/workflow.go:1011.19,1013.3 1 5
github.com/dbos-inc/dbos-transact-golang/dbos/workflow.go:1015.2,1016.9 2 625
github.com/dbos-inc/dbos-transact-golang/dbos/workflow.go:1016.9,1018.3 1 0
github.com/dbos-inc/dbos-transact-golang/dbos/workflow.go:1019.2,1019.25 1 625
github.com/dbos-inc/dbos-transact-golang/dbos/workflow.go:1022.94,1025.27 2 630
github.com/dbos-inc/dbos-transact-golang/dbos/workflow.go:1025.27,1027.3 1 674
github.com/dbos-inc/dbos-transact-golang/dbos/workflow.go:1028.2,1032.27 3 630
github.com/dbos-inc/dbos-transact-golang/dbos/workflow.go:1032.27,1034.3 1 1
github.com/dbos-inc/dbos-transact-golang/dbos/workflow.go:1037.2,1037.15 1 629
github.com/dbos-inc/dbos-transact-golang/dbos/workflow.go:1037.15,1039.3 1 0
github.com/dbos-inc/dbos-transact-golang/dbos/workflow.go:1042.2,1042.26 1 629
github.com/dbos-inc/dbos-transact-golang/dbos/workflow.go:1042.26,1044.3 1 0
github.com/dbos-inc/dbos-transact-golang/dbos/workflow.go:1047.2,1062.16 4 629
github.com/dbos-inc/dbos-transact-golang/dbos/workflow.go:1062.16,1064.3 1 0
github.com/dbos-inc/dbos-transact-golang/dbos/workflow.go:1065.2,1065.27 1 629
github.com/dbos-inc/dbos-transact-golang/dbos/workflow.go:1065.27,1067.3 1 19
github.com/dbos-inc/dbos-transact-golang/dbos/workflow.go:1070.2,1076.49 4 610
github.com/dbos-inc/dbos-transact-golang/dbos/workflow.go:1076.49,1079.57 2 1
github.com/dbos-inc/dbos-transact-golang/dbos/workflow.go:1079.57,1082.17 2 5
github.com/dbos-inc/dbos-transact-golang/dbos/workflow.go:1082.17,1085.5 2 4
github.com/dbos-inc/dbos-transact-golang/dbos/workflow.go:1087.4,1090.11 2 5
github.com/dbos-inc/dbos-transact-golang/dbos/workflow.go:1091.20,1092.139 1 0
github.com/dbos-inc/dbos-transact-golang/dbos/workflow.go:1093.29,1093.29 0 5
github.com/dbos-inc/dbos-transact-golang/dbos/workflow.go:1098.4,1101.24 2 5
github.com/dbos-inc/dbos-transact-golang/dbos/workflow.go:1101.24,1102.10 1 0
github.com/dbos-inc/dbos-transact-golang/dbos/workflow.go:1106.4,1109.36 2 5
github.com/dbos-inc/dbos-transact-golang/dbos/workflow.go:1109.36,1111.10 2 1
github.com/dbos-inc/dbos-transact-golang/dbos/workflow.go:1117.2,1125.19 3 610
github.com/dbos-inc/dbos-transact-golang/dbos/workflow.go:1125.19,1127.3 1 0
github.com/dbos-inc/dbos-transact-golang/dbos/workflow.go:1129.2,1129.30 1 610
github.com/dbos-inc/dbos-transact-golang/dbos/workflow.go:1136.98,1142.2 1 516
github.com/dbos-inc/dbos-transact-golang/dbos/workflow.go:1153.88,1154.16 1 516
github.com/dbos-inc/dbos-transact-golang/dbos/workflow.go:1154.16,1156.3 1 0
github.com/dbos-inc/dbos-transact-golang/dbos/workflow.go:1157.2,1159.53 3 516
github.com/dbos-inc/dbos-transact-golang/dbos/workflow.go:1167.93,1173.2 2 533
github.com/dbos-inc/dbos-transact-golang/dbos/workflow.go:1189.83,1190.16 1 533
github.com/dbos-inc/dbos-transact-golang/dbos/workflow.go:1190.16,1192.3 1 0
github.com/dbos-inc/dbos-transact-golang/dbos/workflow.go:1193.2,1194.16 2 533
github.com/dbos-inc/dbos-transact-golang/dbos/workflow.go:1194.16,1196.3 1 8
github.com/dbos-inc/dbos-transact-golang/dbos/workflow.go:1198.2,1199.16 2 525
github.com/dbos-inc/dbos-transact-golang/dbos/workflow.go:1199.16,1202.10 3 512
github.com/dbos-inc/dbos-transact-golang/dbos/workflow.go:1202.10,1204.4 1 0
github.com/dbos-inc/dbos-transact-golang/dbos/workflow.go:1206.2,1206.26 1 525
github.com/dbos-inc/dbos-transact-golang/dbos/workflow.go:1209.78,1214.2 1 513
github.com/dbos-inc/dbos-transact-golang/dbos/workflow.go:1226.68,1227.16 1 513
github.com/dbos-inc/dbos-transact-golang/dbos/workflow.go:1227.16,1229.3 1 0
github.com/dbos-inc/dbos-transact-golang/dbos/workflow.go:1230.2,1232.40 3 513
github.com/dbos-inc/dbos-transact-golang/dbos/workflow.go:1241.113,1248.2 2 522
github.com/dbos-inc/dbos-transact-golang/dbos/workflow.go:1264.103,1265.16 1 522
github.com/dbos-inc/dbos-transact-golang/dbos/workflow.go:1265.16,1267.3 1 0
github.com/dbos-inc/dbos-transact-golang/dbos/workflow.go:1268.2,1269.16 2 522
github.com/dbos-inc/dbos-transact-golang/dbos/workflow.go:1269.16,1271.3 1 0
github.com/dbos-inc/dbos-transact-golang/dbos/workflow.go:1272.2,1272.18 1 522
github.com/dbos-inc/dbos-transact-golang/dbos/workflow.go:1272.18,1274.3 1 8
github.com/dbos-inc/dbos-transact-golang/dbos/workflow.go:1276.2,1277.9 2 514
github.com/dbos-inc/dbos-transact-golang/dbos/workflow.go:1277.9,1279.3 1 0
github.com/dbos-inc/dbos-transact-golang/dbos/workflow.go:1280.2,1280.24 1 514
github.com/dbos-inc/dbos-transact-golang/dbos/workflow.go:1283.91,1285.2 1 3
github.com/dbos-inc/dbos-transact-golang/dbos/workflow.go:1298.76,1299.16 1 3
github.com/dbos-inc/dbos-transact-golang/dbos/workflow.go:1299.16,1301.3 1 0
github.com/dbos-inc/dbos-transact-golang/dbos/workflow.go:1302.2,1302.33 1 3
github.com/dbos-inc/dbos-transact-golang/dbos/workflow.go:1309.55,1311.27 2 36
github.com/dbos-inc/dbos-transact-golang/dbos/workflow.go:1311.27,1313.3 1 0
github.com/dbos-inc/dbos-transact-golang/dbos/workflow.go:1314.2,1314.32 1 36
github.com/dbos-inc/dbos-transact-golang/dbos/workflow.go:1317.48,1319.27 2 0
github.com/dbos-inc/dbos-transact-golang/dbos/workflow.go:1319.27,1321.3 1 0
github.com/dbos-inc/dbos-transact-golang/dbos/workflow.go:1322.2,1322.28 1 0
github.com/dbos-inc/dbos-transact-golang/dbos/workflow.go:1336.53,1337.16 1 36
github.com/dbos-inc/dbos-transact-golang/dbos/workflow.go:1337.16,1339.3 1 0
github.com/dbos-inc/dbos-transact-golang/dbos/workflow.go:1340.2,1340.28 1 36
github.com/dbos-inc/dbos-transact-golang/dbos/workflow.go:1354.46,1355.16 1 0
github.com/dbos-inc/dbos-transact-golang/dbos/workflow.go:1355.16,1357.3 1 0
github.com/dbos-inc/dbos-transact-golang/dbos/workflow.go:1358.2,1358.24 1 0
github.com/dbos-inc/dbos-transact-golang/dbos/workflow.go:1361.103,1364.23 3 34
github.com/dbos-inc/dbos-transact-golang/dbos/workflow.go:1364.23,1367.3 2 13
github.com/dbos-inc/dbos-transact-golang/dbos/workflow.go:1369.2,1373.22 5 34
github.com/dbos-inc/dbos-transact-golang/dbos/workflow.go:1373.22,1374.90 1 3
github.com/dbos-inc/dbos-transact-golang/dbos/workflow.go:1374.90,1380.4 1 2
github.com/dbos-inc/dbos-transact-golang/dbos/workflow.go:1381.8,1387.3 1 31
github.com/dbos-inc/dbos-transact-golang/dbos/workflow.go:1388.2,1388.16 1 34
github.com/dbos-inc/dbos-transact-golang/dbos/workflow.go:1388.16,1390.3 1 1
github.com/dbos-inc/dbos-transact-golang/dbos/workflow.go:1391.2,1391.30 1 33
github.com/dbos-inc/dbos-transact-golang/dbos/workflow.go:1391.30,1393.3 1 0
github.com/dbos-inc/dbos-transact-golang/dbos/workflow.go:1394.2,1394.58 1 33
github.com/dbos-inc/dbos-transact-golang/dbos/workflow.go:1414.93,1415.16 1 33
github.com/dbos-inc/dbos-transact-golang/dbos/workflow.go:1415.16,1417.3 1 0
github.com/dbos-inc/dbos-transact-golang/dbos/workflow.go:1420.2,1425.16 4 33
github.com/dbos-inc/dbos-transact-golang/dbos/workflow.go:1425.16,1427.3 1 1
github.com/dbos-inc/dbos-transact-golang/dbos/workflow.go:1430.2,1430.70 1 32
github.com/dbos-inc/dbos-transact-golang/dbos/workflow.go:1433.78,1436.22 3 7
github.com/dbos-inc/dbos-transact-golang/dbos/workflow.go:1436.22,1437.65 1 2
github.com/dbos-inc/dbos-transact-golang/dbos/workflow.go:1437.65,1440.4 2 1
github.com/dbos-inc/dbos-transact-golang/dbos/workflow.go:1441.3,1441.13 1 2
github.com/dbos-inc/dbos-transact-golang/dbos/workflow.go:1442.8,1444.3 1 5
github.com/dbos-inc/dbos-transact-golang/dbos/workflow.go:1462.63,1463.16 1 4
github.com/dbos-inc/dbos-transact-golang/dbos/workflow.go:1463.16,1465.3 1 0
github.com/dbos-inc/dbos-transact-golang/dbos/workflow.go:1466.2,1466.44 1 4
github.com/dbos-inc/dbos-transact-golang/dbos/workflow.go:1469.101,1473.22 4 7
github.com/dbos-inc/dbos-transact-golang/dbos/workflow.go:1473.22,1474.64 1 2
github.com/dbos-inc/dbos-transact-golang/dbos/workflow.go:1474.64,1477.4 2 1
github.com/dbos-inc/dbos-transact-golang/dbos/workflow.go:1478.8,1480.3 1 5
github.com/dbos-inc/dbos-transact-golang/dbos/workflow.go:1481.2,1481.16 1 7
github.com/dbos-inc/dbos-transact-golang/dbos/workflow.go:1481.16,1483.3 1 1
github.com/dbos-inc/dbos-transact-golang/dbos/workflow.go:1484.2,1484.58 1 6
github.com/dbos-inc/dbos-transact-golang/dbos/workflow.go:1508.91,1509.16 1 3
github.com/dbos-inc/dbos-transact-golang/dbos/workflow.go:1509.16,1511.3 1 0
github.com/dbos-inc/dbos-transact-golang/dbos/workflow.go:1514.2,1518.16 4 3
github.com/dbos-inc/dbos-transact-golang/dbos/workflow.go:1518.16,1520.3 1 0
github.com/dbos-inc/dbos-transact-golang/dbos/workflow.go:1521.2,1521.58 1 3
github.com/dbos-inc/dbos-transact-golang/dbos/workflow.go:1533.105,1534.36 1 9
github.com/dbos-inc/dbos-transact-golang/dbos/workflow.go:1534.36,1536.3 1 0
github.com/dbos-inc/dbos-transact-golang/dbos/workflow.go:1539.2,1539.41 1 9
github.com/dbos-inc/dbos-transact-golang/dbos/workflow.go:1539.41,1541.3 1 0
github.com/dbos-inc/dbos-transact-golang/dbos/workflow.go:1542.2,1554.22 6 9
github.com/dbos-inc/dbos-transact-golang/dbos/workflow.go:1554.22,1555.82 1 2
github.com/dbos-inc/dbos-transact-golang/dbos/workflow.go:1555.82,1557.4 1 1
github.com/dbos-inc/dbos-transact-golang/dbos/workflow.go:1558.8,1560.3 1 7
github.com/dbos-inc/dbos-transact-golang/dbos/workflow.go:1561.2,1561.16 1 9
github.com/dbos-inc/dbos-transact-golang/dbos/workflow.go:1561.16,1563.3 1 1
github.com/dbos-inc/dbos-transact-golang/dbos/workflow.go:1565.2,1565.64 1 8
github.com/dbos-inc/dbos-transact-golang/dbos/workflow.go:1600.95,1601.16 1 2
github.com/dbos-inc/dbos-transact-golang/dbos/workflow.go:1601.16,1603.3 1 0
github.com/dbos-inc/dbos-transact-golang/dbos/workflow.go:1606.2,1610.16 4 2
github.com/dbos-inc/dbos-transact-golang/dbos/workflow.go:1610.16,1612.3 1 0
github.com/dbos-inc/dbos-transact-golang/dbos/workflow.go:1613.2,1613.70 1 2
github.com/dbos-inc/dbos-transact-golang/dbos/workflow.go:1640.64,1641.39 1 6
github.com/dbos-inc/dbos-transact-golang/dbos/workflow.go:1641.39,1643.3 1 6
github.com/dbos-inc/dbos-transact-golang/dbos/workflow.go:1647.66,1648.39 1 7
github.com/dbos-inc/dbos-transact-golang/dbos/workflow.go:1648.39,1650.3 1 7
github.com/dbos-inc/dbos-transact-golang/dbos/workflow.go:1654.61,1655.39 1 4
github.com/dbos-inc/dbos-transact-golang/dbos/workflow.go:1655.39,1657.3 1 4
github.com/dbos-inc/dbos-transact-golang/dbos/workflow.go:1661.57,1662.39 1 3
github.com/dbos-inc/dbos-transact-golang/dbos/workflow.go:1662.39,1664.3 1 3
github.com/dbos-inc/dbos-transact-golang/dbos/workflow.go:1668.48,1669.39 1 1
github.com/dbos-inc/dbos-transact-golang/dbos/workflow.go:1669.39,1671.3 1 1
github.com/dbos-inc/dbos-transact-golang/dbos/workflow.go:1675.60,1676.39 1 1
github.com/dbos-inc/dbos-transact-golang/dbos/workflow.go:1676.39,1678.3 1 1
github.com/dbos-inc/dbos-transact-golang/dbos/workflow.go:1682.48,1683.39 1 1
github.com/dbos-inc/dbos-transact-golang/dbos/workflow.go:1683.39,1685.3 1 1
github.com/dbos-inc/dbos-transact-golang/dbos/workflow.go:1689.47,1690.39 1 9
github.com/dbos-inc/dbos-transact-golang/dbos/workflow.go:1690.39,1692.3 1 9
github.com/dbos-inc/dbos-transact-golang/dbos/workflow.go:1696.49,1697.39 1 2
github.com/dbos-inc/dbos-transact-golang/dbos/workflow.go:1697.39,1699.3 1 2
github.com/dbos-inc/dbos-transact-golang/dbos/workflow.go:1703.41,1704.39 1 5
github.com/dbos-inc/dbos-transact-golang/dbos/workflow.go:1704.39,1706.3 1 5
github.com/dbos-inc/dbos-transact-golang/dbos/workflow.go:1710.62,1711.39 1 10
github.com/dbos-inc/dbos-transact-golang/dbos/workflow.go:1711.39,1713.3 1 10
github.com/dbos-inc/dbos-transact-golang/dbos/workflow.go:1717.56,1718.39 1 5
github.com/dbos-inc/dbos-transact-golang/dbos/workflow.go:1718.39,1720.3 1 5
github.com/dbos-inc/dbos-transact-golang/dbos/workflow.go:1724.58,1725.39 1 5
github.com/dbos-inc/dbos-transact-golang/dbos/workflow.go:1725.39,1727.3 1 5
github.com/dbos-inc/dbos-transact-golang/dbos/workflow.go:1732.58,1733.39 1 3
github.com/dbos-inc/dbos-transact-golang/dbos/workflow.go:1733.39,1735.3 1 3
github.com/dbos-inc/dbos-transact-golang/dbos/workflow.go:1739.43,1740.39 1 5
github.com/dbos-inc/dbos-transact-golang/dbos/workflow.go:1740.39,1742.3 1 5
github.com/dbos-inc/dbos-transact-golang/dbos/workflow.go:1746.64,1747.39 1 0
github.com/dbos-inc/dbos-transact-golang/dbos/workflow.go:1747.39,1749.3 1 0
github.com/dbos-inc/dbos-transact-golang/dbos/workflow.go:1752.107,1756.24 3 41
github.com/dbos-inc/dbos-transact-golang/dbos/workflow.go:1756.24,1759.3 2 30
github.com/dbos-inc/dbos-transact-golang/dbos/workflow.go:1760.2,1766.27 2 41
github.com/dbos-inc/dbos-transact-golang/dbos/workflow.go:1766.27,1768.3 1 67
github.com/dbos-inc/dbos-transact-golang/dbos/workflow.go:1771.2,1771.50 1 41
github.com/dbos-inc/dbos-transact-golang/dbos/workflow.go:1771.50,1773.3 1 1
github.com/dbos-inc/dbos-transact-golang/dbos/workflow.go:1776.2,1800.22 6 41
github.com/dbos-inc/dbos-transact-golang/dbos/workflow.go:1800.22,1801.85 1 2
github.com/dbos-inc/dbos-transact-golang/dbos/workflow.go:1801.85,1803.4 1 1
github.com/dbos-inc/dbos-transact-golang/dbos/workflow.go:1804.8,1806.3 1 39
github.com/dbos-inc/dbos-transact-golang/dbos/workflow.go:1807.2,1807.16 1 41
github.com/dbos-inc/dbos-transact-golang/dbos/workflow.go:1807.16,1809.3 1 0
github.com/dbos-inc/dbos-transact-golang/dbos/workflow.go:1811.2,1811.23 1 41
github.com/dbos-inc/dbos-transact-golang/dbos/workflow.go:1858.92,1859.16 1 29
github.com/dbos-inc/dbos-transact-golang/dbos/workflow.go:1859.16,1861.3 1 0
github.com/dbos-inc/dbos-transact-golang/dbos/workflow.go:1862.2,1862.40 1 29
github.com/dbos-inc/dbos-transact-golang/dbos/workflow.go:1865.94,1868.22 3 55
github.com/dbos-inc/dbos-transact-golang/dbos/workflow.go:1868.22,1869.69 1 6
github.com/dbos-inc/dbos-transact-golang/dbos/workflow.go:1869.69,1871.4 1 5
github.com/dbos-inc/dbos-transact-golang/dbos/workflow.go:1872.8,1874.3 1 49
github.com/dbos-inc/dbos-transact-golang/dbos/workflow.go:1896.79,1897.16 1 55
github.com/dbos-inc/dbos-transact-golang/dbos/workflow.go:1897.16,1899.3 1 0
github.com/dbos-inc/dbos-transact-golang/dbos/workflow.go:1900.2,1900.46 1 55
